24-Feb-2023 12:45:56.048 INFO [main] org.apache.catalina.startup.VersionLoggerListener.log Server version name:   Apache Tomcat/9.0.69
24-Feb-2023 12:45:56.056 INFO [main] org.apache.catalina.startup.VersionLoggerListener.log Server built:          Nov 9 2022 18:43:47 UTC
24-Feb-2023 12:45:56.057 INFO [main] org.apache.catalina.startup.VersionLoggerListener.log Server version number: 9.0.69.0
24-Feb-2023 12:45:56.057 INFO [main] org.apache.catalina.startup.VersionLoggerListener.log OS Name:               Windows 10
24-Feb-2023 12:45:56.057 INFO [main] org.apache.catalina.startup.VersionLoggerListener.log OS Version:            10.0
24-Feb-2023 12:45:56.057 INFO [main] org.apache.catalina.startup.VersionLoggerListener.log Architecture:          amd64
24-Feb-2023 12:45:56.058 INFO [main] org.apache.catalina.startup.VersionLoggerListener.log Java Home:             C:\Program Files\Java\jdk-18
24-Feb-2023 12:45:56.058 INFO [main] org.apache.catalina.startup.VersionLoggerListener.log JVM Version:           18+36-2087
24-Feb-2023 12:45:56.058 INFO [main] org.apache.catalina.startup.VersionLoggerListener.log JVM Vendor:            Oracle Corporation
24-Feb-2023 12:45:56.059 INFO [main] org.apache.catalina.startup.VersionLoggerListener.log CATALINA_BASE:         C:\Program Files\Apache Software Foundation\Tomcat 9.0_TomcatVippro
24-Feb-2023 12:45:56.059 INFO [main] org.apache.catalina.startup.VersionLoggerListener.log CATALINA_HOME:         C:\Program Files\Apache Software Foundation\Tomcat 9.0_TomcatVippro
24-Feb-2023 12:45:56.078 INFO [main] org.apache.catalina.startup.VersionLoggerListener.log Command line argument: --add-opens=java.base/java.lang=ALL-UNNAMED
24-Feb-2023 12:45:56.079 INFO [main] org.apache.catalina.startup.VersionLoggerListener.log Command line argument: --add-opens=java.base/java.io=ALL-UNNAMED
24-Feb-2023 12:45:56.079 INFO [main] org.apache.catalina.startup.VersionLoggerListener.log Command line argument: --add-opens=java.base/java.util=ALL-UNNAMED
24-Feb-2023 12:45:56.079 INFO [main] org.apache.catalina.startup.VersionLoggerListener.log Command line argument: --add-opens=java.base/java.util.concurrent=ALL-UNNAMED
24-Feb-2023 12:45:56.079 INFO [main] org.apache.catalina.startup.VersionLoggerListener.log Command line argument: --add-opens=java.rmi/sun.rmi.transport=ALL-UNNAMED
24-Feb-2023 12:45:56.080 INFO [main] org.apache.catalina.startup.VersionLoggerListener.log Command line argument: -Djava.util.logging.config.file=C:\Program Files\Apache Software Foundation\Tomcat 9.0_TomcatVippro\conf\logging.properties
24-Feb-2023 12:45:56.080 INFO [main] org.apache.catalina.startup.VersionLoggerListener.log Command line argument: -Djava.util.logging.manager=org.apache.juli.ClassLoaderLogManager
24-Feb-2023 12:45:56.080 INFO [main] org.apache.catalina.startup.VersionLoggerListener.log Command line argument: -Dhttp.nonProxyHosts=localhost|127.0.0.1|DESKTOP-0748AC0
24-Feb-2023 12:45:56.080 INFO [main] org.apache.catalina.startup.VersionLoggerListener.log Command line argument: -Djdk.tls.ephemeralDHKeySize=2048
24-Feb-2023 12:45:56.081 INFO [main] org.apache.catalina.startup.VersionLoggerListener.log Command line argument: -Djava.protocol.handler.pkgs=org.apache.catalina.webresources
24-Feb-2023 12:45:56.081 INFO [main] org.apache.catalina.startup.VersionLoggerListener.log Command line argument: -Dignore.endorsed.dirs=
24-Feb-2023 12:45:56.081 INFO [main] org.apache.catalina.startup.VersionLoggerListener.log Command line argument: -Dcatalina.base=C:\Program Files\Apache Software Foundation\Tomcat 9.0_TomcatVippro
24-Feb-2023 12:45:56.081 INFO [main] org.apache.catalina.startup.VersionLoggerListener.log Command line argument: -Dcatalina.home=C:\Program Files\Apache Software Foundation\Tomcat 9.0_TomcatVippro
24-Feb-2023 12:45:56.081 INFO [main] org.apache.catalina.startup.VersionLoggerListener.log Command line argument: -Djava.io.tmpdir=C:\Program Files\Apache Software Foundation\Tomcat 9.0_TomcatVippro\temp
24-Feb-2023 12:45:56.104 INFO [main] org.apache.catalina.core.AprLifecycleListener.lifecycleEvent The Apache Tomcat Native library which allows using OpenSSL was not found on the java.library.path: [C:\Program Files\Java\jdk-18\bin;C:\WINDOWS\Sun\Java\bin;C:\WINDOWS\system32;C:\WINDOWS;C:\ProgramData\Oracle\Java\javapath;C:\Program Files (x86)\VMware\VMware Workstation\bin\;C:\Program Files\Common Files\Oracle\Java\javapath;C:\Program Files (x86)\Common Files\Oracle\Java\javapath;C:\WINDOWS\system32;C:\WINDOWS;C:\WINDOWS\System32\Wbem;C:\WINDOWS\System32\WindowsPowerShell\v1.0\;C:\WINDOWS\System32\OpenSSH\;C:\MinGW\bin;C:\Program Files\Azure Data Studio\bin;C:\Program Files\Java\jre1.8.0_321\bin;C:\Program Files\nodejs\;C:\Program Files\Git\cmd;C:\Program Files\Java\jdk1.8.0_321\bin;C:\Program Files\Microsoft SQL Server\Client SDK\ODBC\170\Tools\Binn\;C:\Program Files (x86)\Microsoft SQL Server\150\Tools\Binn\;C:\Program Files\Microsoft SQL Server\150\Tools\Binn\;C:\Program Files\Microsoft SQL Server\150\DTS\Binn\;C:\Program Files (x86)\Microsoft SQL Server\150\DTS\Binn\;C:\Program Files\Java\jdk1.8.0_321\bin;C:\Users\PC\AppData\Local\Programs\Microsoft VS Code\bin;C:\Users\PC\AppData\Roaming\npm;.]
24-Feb-2023 12:45:56.905 INFO [main] org.apache.coyote.AbstractProtocol.init Initializing ProtocolHandler ["http-nio-8095"]
24-Feb-2023 12:45:57.056 INFO [main] org.apache.catalina.startup.Catalina.load Server initialization in [1618] milliseconds
24-Feb-2023 12:45:57.278 INFO [main] org.apache.catalina.core.StandardService.startInternal Starting service [Catalina]
24-Feb-2023 12:45:57.279 INFO [main] org.apache.catalina.core.StandardEngine.startInternal Starting Servlet engine: [Apache Tomcat/9.0.69]
24-Feb-2023 12:45:57.309 INFO [main] org.apache.catalina.startup.HostConfig.deployDescriptor Deploying deployment descriptor [C:\Program Files\Apache Software Foundation\Tomcat 9.0_TomcatVippro\conf\Catalina\localhost\ImageTest.xml]
24-Feb-2023 12:45:57.348 WARNING [main] org.apache.catalina.startup.HostConfig.deployDescriptor The path attribute with value [/ImageTest] in deployment descriptor [C:\Program Files\Apache Software Foundation\Tomcat 9.0_TomcatVippro\conf\Catalina\localhost\ImageTest.xml] has been ignored
24-Feb-2023 12:45:58.195 INFO [main] org.apache.catalina.startup.HostConfig.deployDescriptor Deployment of deployment descriptor [C:\Program Files\Apache Software Foundation\Tomcat 9.0_TomcatVippro\conf\Catalina\localhost\ImageTest.xml] has finished in [886] ms
24-Feb-2023 12:45:58.196 INFO [main] org.apache.catalina.startup.HostConfig.deployDescriptor Deploying deployment descriptor [C:\Program Files\Apache Software Foundation\Tomcat 9.0_TomcatVippro\conf\Catalina\localhost\Jsp_Servlet_FPTU_Demo.xml]
24-Feb-2023 12:45:58.198 WARNING [main] org.apache.catalina.startup.HostConfig.deployDescriptor The path attribute with value [/Jsp_Servlet_FPTU_Demo] in deployment descriptor [C:\Program Files\Apache Software Foundation\Tomcat 9.0_TomcatVippro\conf\Catalina\localhost\Jsp_Servlet_FPTU_Demo.xml] has been ignored
24-Feb-2023 12:46:00.637 INFO [main] org.apache.jasper.servlet.TldScanner.scanJars At least one JAR was scanned for TLDs yet contained no TLDs. Enable debug logging for this logger for a complete list of JARs that were scanned but no TLDs were found in them. Skipping unneeded JARs during scanning can improve startup time and JSP compilation time.
24-Feb-2023 12:46:00.832 INFO [main] org.apache.catalina.startup.HostConfig.deployDescriptor Deployment of deployment descriptor [C:\Program Files\Apache Software Foundation\Tomcat 9.0_TomcatVippro\conf\Catalina\localhost\Jsp_Servlet_FPTU_Demo.xml] has finished in [2,637] ms
24-Feb-2023 12:46:00.834 INFO [main] org.apache.catalina.startup.HostConfig.deployDirectory Deploying web application directory [C:\Program Files\Apache Software Foundation\Tomcat 9.0_TomcatVippro\webapps\docs]
24-Feb-2023 12:46:00.941 INFO [main] org.apache.catalina.startup.HostConfig.deployDirectory Deployment of web application directory [C:\Program Files\Apache Software Foundation\Tomcat 9.0_TomcatVippro\webapps\docs] has finished in [106] ms
24-Feb-2023 12:46:00.942 INFO [main] org.apache.catalina.startup.HostConfig.deployDirectory Deploying web application directory [C:\Program Files\Apache Software Foundation\Tomcat 9.0_TomcatVippro\webapps\manager]
24-Feb-2023 12:46:01.080 INFO [main] org.apache.catalina.startup.HostConfig.deployDirectory Deployment of web application directory [C:\Program Files\Apache Software Foundation\Tomcat 9.0_TomcatVippro\webapps\manager] has finished in [139] ms
24-Feb-2023 12:46:01.081 INFO [main] org.apache.catalina.startup.HostConfig.deployDirectory Deploying web application directory [C:\Program Files\Apache Software Foundation\Tomcat 9.0_TomcatVippro\webapps\ROOT]
24-Feb-2023 12:46:01.138 INFO [main] org.apache.catalina.startup.HostConfig.deployDirectory Deployment of web application directory [C:\Program Files\Apache Software Foundation\Tomcat 9.0_TomcatVippro\webapps\ROOT] has finished in [56] ms
24-Feb-2023 12:46:01.143 INFO [main] org.apache.coyote.AbstractProtocol.start Starting ProtocolHandler ["http-nio-8095"]
24-Feb-2023 12:46:01.244 INFO [main] org.apache.catalina.startup.Catalina.start Server startup in [4183] milliseconds
24-Feb-2023 12:46:03.182 INFO [http-nio-8095-exec-10] org.apache.catalina.startup.HostConfig.deployDescriptor Deploying deployment descriptor [C:\Program Files\Apache Software Foundation\Tomcat 9.0_TomcatVippro\conf\Catalina\localhost\ExpressLanguage.xml]
24-Feb-2023 12:46:03.184 WARNING [http-nio-8095-exec-10] org.apache.catalina.startup.HostConfig.deployDescriptor The path attribute with value [/ExpressLanguage] in deployment descriptor [C:\Program Files\Apache Software Foundation\Tomcat 9.0_TomcatVippro\conf\Catalina\localhost\ExpressLanguage.xml] has been ignored
24-Feb-2023 12:46:03.248 INFO [http-nio-8095-exec-10] org.apache.catalina.startup.HostConfig.deployDescriptor Deployment of deployment descriptor [C:\Program Files\Apache Software Foundation\Tomcat 9.0_TomcatVippro\conf\Catalina\localhost\ExpressLanguage.xml] has finished in [65] ms
24-Feb-2023 12:46:03.259 INFO [http-nio-8095-exec-1] org.apache.catalina.util.LifecycleBase.start The start() method was called on component [StandardEngine[Catalina].StandardHost[localhost].StandardContext[/ExpressLanguage]] after start() had already been called. The second call will be ignored.
24-Feb-2023 13:28:08.734 INFO [http-nio-8095-exec-1] org.apache.catalina.core.StandardContext.reload Reloading Context with name [/Jsp_Servlet_FPTU_Demo] has started
24-Feb-2023 13:28:11.600 INFO [http-nio-8095-exec-1] org.apache.jasper.servlet.TldScanner.scanJars At least one JAR was scanned for TLDs yet contained no TLDs. Enable debug logging for this logger for a complete list of JARs that were scanned but no TLDs were found in them. Skipping unneeded JARs during scanning can improve startup time and JSP compilation time.
24-Feb-2023 13:28:11.728 INFO [http-nio-8095-exec-1] org.apache.catalina.core.StandardContext.reload Reloading Context with name [/Jsp_Servlet_FPTU_Demo] is completed
24-Feb-2023 13:28:20.320 INFO [http-nio-8095-exec-10] org.apache.jasper.servlet.TldScanner.scanJars At least one JAR was scanned for TLDs yet contained no TLDs. Enable debug logging for this logger for a complete list of JARs that were scanned but no TLDs were found in them. Skipping unneeded JARs during scanning can improve startup time and JSP compilation time.
24-Feb-2023 15:01:46.377 INFO [http-nio-8095-exec-13] org.apache.catalina.core.StandardContext.reload Reloading Context with name [/Jsp_Servlet_FPTU_Demo] has started
24-Feb-2023 15:01:46.411 WARNING [http-nio-8095-exec-13] org.apache.catalina.loader.WebappClassLoaderBase.clearReferencesJdbc The web application [Jsp_Servlet_FPTU_Demo] registered the JDBC driver [com.microsoft.sqlserver.jdbc.SQLServerDriver] but failed to unregister it when the web application was stopped. To prevent a memory leak, the JDBC Driver has been forcibly unregistered.
24-Feb-2023 15:01:48.918 INFO [http-nio-8095-exec-13] org.apache.jasper.servlet.TldScanner.scanJars At least one JAR was scanned for TLDs yet contained no TLDs. Enable debug logging for this logger for a complete list of JARs that were scanned but no TLDs were found in them. Skipping unneeded JARs during scanning can improve startup time and JSP compilation time.
24-Feb-2023 15:01:49.044 INFO [http-nio-8095-exec-13] org.apache.catalina.core.StandardContext.reload Reloading Context with name [/Jsp_Servlet_FPTU_Demo] is completed
24-Feb-2023 15:01:49.502 INFO [http-nio-8095-exec-15] org.apache.catalina.core.StandardContext.reload Reloading Context with name [/Jsp_Servlet_FPTU_Demo] has started
24-Feb-2023 15:01:54.047 INFO [http-nio-8095-exec-15] org.apache.jasper.servlet.TldScanner.scanJars At least one JAR was scanned for TLDs yet contained no TLDs. Enable debug logging for this logger for a complete list of JARs that were scanned but no TLDs were found in them. Skipping unneeded JARs during scanning can improve startup time and JSP compilation time.
24-Feb-2023 15:01:54.239 INFO [http-nio-8095-exec-15] org.apache.catalina.core.StandardContext.reload Reloading Context with name [/Jsp_Servlet_FPTU_Demo] is completed
24-Feb-2023 15:01:54.583 INFO [http-nio-8095-exec-18] org.apache.catalina.core.StandardContext.reload Reloading Context with name [/Jsp_Servlet_FPTU_Demo] has started
24-Feb-2023 15:01:55.926 INFO [http-nio-8095-exec-18] org.apache.jasper.servlet.TldScanner.scanJars At least one JAR was scanned for TLDs yet contained no TLDs. Enable debug logging for this logger for a complete list of JARs that were scanned but no TLDs were found in them. Skipping unneeded JARs during scanning can improve startup time and JSP compilation time.
24-Feb-2023 15:01:56.008 INFO [http-nio-8095-exec-18] org.apache.catalina.core.StandardContext.reload Reloading Context with name [/Jsp_Servlet_FPTU_Demo] is completed
24-Feb-2023 15:02:51.712 INFO [http-nio-8095-exec-20] org.apache.catalina.core.StandardContext.reload Reloading Context with name [/Jsp_Servlet_FPTU_Demo] has started
24-Feb-2023 15:02:53.344 INFO [http-nio-8095-exec-20] org.apache.jasper.servlet.TldScanner.scanJars At least one JAR was scanned for TLDs yet contained no TLDs. Enable debug logging for this logger for a complete list of JARs that were scanned but no TLDs were found in them. Skipping unneeded JARs during scanning can improve startup time and JSP compilation time.
24-Feb-2023 15:02:53.437 INFO [http-nio-8095-exec-20] org.apache.catalina.core.StandardContext.reload Reloading Context with name [/Jsp_Servlet_FPTU_Demo] is completed
24-Feb-2023 15:02:59.729 INFO [http-nio-8095-exec-22] org.apache.catalina.core.StandardContext.reload Reloading Context with name [/Jsp_Servlet_FPTU_Demo] has started
24-Feb-2023 15:03:00.891 INFO [http-nio-8095-exec-22] org.apache.jasper.servlet.TldScanner.scanJars At least one JAR was scanned for TLDs yet contained no TLDs. Enable debug logging for this logger for a complete list of JARs that were scanned but no TLDs were found in them. Skipping unneeded JARs during scanning can improve startup time and JSP compilation time.
24-Feb-2023 15:03:00.968 INFO [http-nio-8095-exec-22] org.apache.catalina.core.StandardContext.reload Reloading Context with name [/Jsp_Servlet_FPTU_Demo] is completed
24-Feb-2023 15:06:43.124 INFO [http-nio-8095-exec-38] org.apache.catalina.core.StandardContext.reload Reloading Context with name [/Jsp_Servlet_FPTU_Demo] has started
24-Feb-2023 15:06:43.158 WARNING [http-nio-8095-exec-38] org.apache.catalina.loader.WebappClassLoaderBase.clearReferencesJdbc The web application [Jsp_Servlet_FPTU_Demo] registered the JDBC driver [com.microsoft.sqlserver.jdbc.SQLServerDriver] but failed to unregister it when the web application was stopped. To prevent a memory leak, the JDBC Driver has been forcibly unregistered.
24-Feb-2023 15:06:44.906 INFO [http-nio-8095-exec-38] org.apache.jasper.servlet.TldScanner.scanJars At least one JAR was scanned for TLDs yet contained no TLDs. Enable debug logging for this logger for a complete list of JARs that were scanned but no TLDs were found in them. Skipping unneeded JARs during scanning can improve startup time and JSP compilation time.
24-Feb-2023 15:06:45.009 INFO [http-nio-8095-exec-38] org.apache.catalina.core.StandardContext.reload Reloading Context with name [/Jsp_Servlet_FPTU_Demo] is completed
24-Feb-2023 15:07:45.466 INFO [http-nio-8095-exec-30] org.apache.catalina.core.StandardContext.reload Reloading Context with name [/Jsp_Servlet_FPTU_Demo] has started
24-Feb-2023 15:07:47.379 INFO [http-nio-8095-exec-30] org.apache.jasper.servlet.TldScanner.scanJars At least one JAR was scanned for TLDs yet contained no TLDs. Enable debug logging for this logger for a complete list of JARs that were scanned but no TLDs were found in them. Skipping unneeded JARs during scanning can improve startup time and JSP compilation time.
24-Feb-2023 15:07:47.476 INFO [http-nio-8095-exec-30] org.apache.catalina.core.StandardContext.reload Reloading Context with name [/Jsp_Servlet_FPTU_Demo] is completed
24-Feb-2023 15:10:24.275 INFO [http-nio-8095-exec-32] org.apache.catalina.core.StandardContext.reload Reloading Context with name [/Jsp_Servlet_FPTU_Demo] has started
24-Feb-2023 15:10:25.797 INFO [http-nio-8095-exec-32] org.apache.jasper.servlet.TldScanner.scanJars At least one JAR was scanned for TLDs yet contained no TLDs. Enable debug logging for this logger for a complete list of JARs that were scanned but no TLDs were found in them. Skipping unneeded JARs during scanning can improve startup time and JSP compilation time.
24-Feb-2023 15:10:25.890 INFO [http-nio-8095-exec-32] org.apache.catalina.core.StandardContext.reload Reloading Context with name [/Jsp_Servlet_FPTU_Demo] is completed
24-Feb-2023 15:10:33.587 INFO [http-nio-8095-exec-42] org.apache.catalina.core.StandardContext.reload Reloading Context with name [/Jsp_Servlet_FPTU_Demo] has started
24-Feb-2023 15:10:34.862 INFO [http-nio-8095-exec-42] org.apache.jasper.servlet.TldScanner.scanJars At least one JAR was scanned for TLDs yet contained no TLDs. Enable debug logging for this logger for a complete list of JARs that were scanned but no TLDs were found in them. Skipping unneeded JARs during scanning can improve startup time and JSP compilation time.
24-Feb-2023 15:10:34.954 INFO [http-nio-8095-exec-42] org.apache.catalina.core.StandardContext.reload Reloading Context with name [/Jsp_Servlet_FPTU_Demo] is completed
24-Feb-2023 15:27:06.722 INFO [http-nio-8095-exec-56] org.apache.catalina.core.StandardContext.reload Reloading Context with name [/Jsp_Servlet_FPTU_Demo] has started
24-Feb-2023 15:27:06.729 WARNING [http-nio-8095-exec-56] org.apache.catalina.loader.WebappClassLoaderBase.clearReferencesJdbc The web application [Jsp_Servlet_FPTU_Demo] registered the JDBC driver [com.microsoft.sqlserver.jdbc.SQLServerDriver] but failed to unregister it when the web application was stopped. To prevent a memory leak, the JDBC Driver has been forcibly unregistered.
24-Feb-2023 15:27:08.085 INFO [http-nio-8095-exec-56] org.apache.jasper.servlet.TldScanner.scanJars At least one JAR was scanned for TLDs yet contained no TLDs. Enable debug logging for this logger for a complete list of JARs that were scanned but no TLDs were found in them. Skipping unneeded JARs during scanning can improve startup time and JSP compilation time.
24-Feb-2023 15:27:08.153 INFO [http-nio-8095-exec-56] org.apache.catalina.core.StandardContext.reload Reloading Context with name [/Jsp_Servlet_FPTU_Demo] is completed
24-Feb-2023 15:28:36.751 INFO [http-nio-8095-exec-64] org.apache.catalina.core.StandardContext.reload Reloading Context with name [/Jsp_Servlet_FPTU_Demo] has started
24-Feb-2023 15:28:36.755 WARNING [http-nio-8095-exec-64] org.apache.catalina.loader.WebappClassLoaderBase.clearReferencesJdbc The web application [Jsp_Servlet_FPTU_Demo] registered the JDBC driver [com.microsoft.sqlserver.jdbc.SQLServerDriver] but failed to unregister it when the web application was stopped. To prevent a memory leak, the JDBC Driver has been forcibly unregistered.
24-Feb-2023 15:28:37.987 INFO [http-nio-8095-exec-64] org.apache.jasper.servlet.TldScanner.scanJars At least one JAR was scanned for TLDs yet contained no TLDs. Enable debug logging for this logger for a complete list of JARs that were scanned but no TLDs were found in them. Skipping unneeded JARs during scanning can improve startup time and JSP compilation time.
24-Feb-2023 15:28:38.059 INFO [http-nio-8095-exec-64] org.apache.catalina.core.StandardContext.reload Reloading Context with name [/Jsp_Servlet_FPTU_Demo] is completed
24-Feb-2023 15:28:38.627 INFO [http-nio-8095-exec-60] org.apache.catalina.core.StandardContext.reload Reloading Context with name [/Jsp_Servlet_FPTU_Demo] has started
24-Feb-2023 15:28:40.261 INFO [http-nio-8095-exec-60] org.apache.jasper.servlet.TldScanner.scanJars At least one JAR was scanned for TLDs yet contained no TLDs. Enable debug logging for this logger for a complete list of JARs that were scanned but no TLDs were found in them. Skipping unneeded JARs during scanning can improve startup time and JSP compilation time.
24-Feb-2023 15:28:40.366 INFO [http-nio-8095-exec-60] org.apache.catalina.core.StandardContext.reload Reloading Context with name [/Jsp_Servlet_FPTU_Demo] is completed
24-Feb-2023 15:30:01.737 INFO [http-nio-8095-exec-70] org.apache.catalina.core.StandardContext.reload Reloading Context with name [/Jsp_Servlet_FPTU_Demo] has started
24-Feb-2023 15:30:01.742 WARNING [http-nio-8095-exec-70] org.apache.catalina.loader.WebappClassLoaderBase.clearReferencesJdbc The web application [Jsp_Servlet_FPTU_Demo] registered the JDBC driver [com.microsoft.sqlserver.jdbc.SQLServerDriver] but failed to unregister it when the web application was stopped. To prevent a memory leak, the JDBC Driver has been forcibly unregistered.
24-Feb-2023 15:30:03.223 INFO [http-nio-8095-exec-70] org.apache.jasper.servlet.TldScanner.scanJars At least one JAR was scanned for TLDs yet contained no TLDs. Enable debug logging for this logger for a complete list of JARs that were scanned but no TLDs were found in them. Skipping unneeded JARs during scanning can improve startup time and JSP compilation time.
24-Feb-2023 15:30:03.308 INFO [http-nio-8095-exec-70] org.apache.catalina.core.StandardContext.reload Reloading Context with name [/Jsp_Servlet_FPTU_Demo] is completed
24-Feb-2023 15:30:27.674 INFO [http-nio-8095-exec-78] org.apache.catalina.core.StandardContext.reload Reloading Context with name [/Jsp_Servlet_FPTU_Demo] has started
24-Feb-2023 15:30:27.678 WARNING [http-nio-8095-exec-78] org.apache.catalina.loader.WebappClassLoaderBase.clearReferencesJdbc The web application [Jsp_Servlet_FPTU_Demo] registered the JDBC driver [com.microsoft.sqlserver.jdbc.SQLServerDriver] but failed to unregister it when the web application was stopped. To prevent a memory leak, the JDBC Driver has been forcibly unregistered.
24-Feb-2023 15:30:28.761 INFO [http-nio-8095-exec-78] org.apache.jasper.servlet.TldScanner.scanJars At least one JAR was scanned for TLDs yet contained no TLDs. Enable debug logging for this logger for a complete list of JARs that were scanned but no TLDs were found in them. Skipping unneeded JARs during scanning can improve startup time and JSP compilation time.
24-Feb-2023 15:30:28.835 INFO [http-nio-8095-exec-78] org.apache.catalina.core.StandardContext.reload Reloading Context with name [/Jsp_Servlet_FPTU_Demo] is completed
24-Feb-2023 15:31:40.317 INFO [http-nio-8095-exec-89] org.apache.catalina.core.StandardContext.reload Reloading Context with name [/Jsp_Servlet_FPTU_Demo] has started
24-Feb-2023 15:31:40.323 WARNING [http-nio-8095-exec-89] org.apache.catalina.loader.WebappClassLoaderBase.clearReferencesJdbc The web application [Jsp_Servlet_FPTU_Demo] registered the JDBC driver [com.microsoft.sqlserver.jdbc.SQLServerDriver] but failed to unregister it when the web application was stopped. To prevent a memory leak, the JDBC Driver has been forcibly unregistered.
24-Feb-2023 15:31:41.747 INFO [http-nio-8095-exec-89] org.apache.jasper.servlet.TldScanner.scanJars At least one JAR was scanned for TLDs yet contained no TLDs. Enable debug logging for this logger for a complete list of JARs that were scanned but no TLDs were found in them. Skipping unneeded JARs during scanning can improve startup time and JSP compilation time.
24-Feb-2023 15:31:41.827 INFO [http-nio-8095-exec-89] org.apache.catalina.core.StandardContext.reload Reloading Context with name [/Jsp_Servlet_FPTU_Demo] is completed
24-Feb-2023 15:33:21.417 INFO [http-nio-8095-exec-93] org.apache.catalina.core.StandardContext.reload Reloading Context with name [/Jsp_Servlet_FPTU_Demo] has started
24-Feb-2023 15:33:21.422 WARNING [http-nio-8095-exec-93] org.apache.catalina.loader.WebappClassLoaderBase.clearReferencesJdbc The web application [Jsp_Servlet_FPTU_Demo] registered the JDBC driver [com.microsoft.sqlserver.jdbc.SQLServerDriver] but failed to unregister it when the web application was stopped. To prevent a memory leak, the JDBC Driver has been forcibly unregistered.
24-Feb-2023 15:33:23.258 INFO [http-nio-8095-exec-93] org.apache.jasper.servlet.TldScanner.scanJars At least one JAR was scanned for TLDs yet contained no TLDs. Enable debug logging for this logger for a complete list of JARs that were scanned but no TLDs were found in them. Skipping unneeded JARs during scanning can improve startup time and JSP compilation time.
24-Feb-2023 15:33:23.367 INFO [http-nio-8095-exec-93] org.apache.catalina.core.StandardContext.reload Reloading Context with name [/Jsp_Servlet_FPTU_Demo] is completed
24-Feb-2023 15:33:23.701 INFO [http-nio-8095-exec-98] org.apache.catalina.core.StandardContext.reload Reloading Context with name [/Jsp_Servlet_FPTU_Demo] has started
24-Feb-2023 15:33:25.282 INFO [http-nio-8095-exec-98] org.apache.jasper.servlet.TldScanner.scanJars At least one JAR was scanned for TLDs yet contained no TLDs. Enable debug logging for this logger for a complete list of JARs that were scanned but no TLDs were found in them. Skipping unneeded JARs during scanning can improve startup time and JSP compilation time.
24-Feb-2023 15:33:25.375 INFO [http-nio-8095-exec-98] org.apache.catalina.core.StandardContext.reload Reloading Context with name [/Jsp_Servlet_FPTU_Demo] is completed
24-Feb-2023 15:33:35.384 INFO [http-nio-8095-exec-95] org.apache.catalina.core.StandardContext.reload Reloading Context with name [/Jsp_Servlet_FPTU_Demo] has started
24-Feb-2023 15:33:37.005 INFO [http-nio-8095-exec-95] org.apache.jasper.servlet.TldScanner.scanJars At least one JAR was scanned for TLDs yet contained no TLDs. Enable debug logging for this logger for a complete list of JARs that were scanned but no TLDs were found in them. Skipping unneeded JARs during scanning can improve startup time and JSP compilation time.
24-Feb-2023 15:33:37.081 INFO [http-nio-8095-exec-95] org.apache.catalina.core.StandardContext.reload Reloading Context with name [/Jsp_Servlet_FPTU_Demo] is completed
24-Feb-2023 15:33:56.634 SEVERE [main] org.apache.catalina.startup.Catalina.stopServer No shutdown port configured. Shut down server through OS signal. Server not shut down.
