16-Feb-2023 23:34:36.808 INFO [main] org.apache.catalina.startup.VersionLoggerListener.log Server version name:   Apache Tomcat/9.0.69
16-Feb-2023 23:34:36.836 INFO [main] org.apache.catalina.startup.VersionLoggerListener.log Server built:          Nov 9 2022 18:43:47 UTC
16-Feb-2023 23:34:36.836 INFO [main] org.apache.catalina.startup.VersionLoggerListener.log Server version number: 9.0.69.0
16-Feb-2023 23:34:36.837 INFO [main] org.apache.catalina.startup.VersionLoggerListener.log OS Name:               Windows 10
16-Feb-2023 23:34:36.837 INFO [main] org.apache.catalina.startup.VersionLoggerListener.log OS Version:            10.0
16-Feb-2023 23:34:36.837 INFO [main] org.apache.catalina.startup.VersionLoggerListener.log Architecture:          amd64
16-Feb-2023 23:34:36.838 INFO [main] org.apache.catalina.startup.VersionLoggerListener.log Java Home:             C:\Program Files\Java\jdk-18
16-Feb-2023 23:34:36.838 INFO [main] org.apache.catalina.startup.VersionLoggerListener.log JVM Version:           18+36-2087
16-Feb-2023 23:34:36.839 INFO [main] org.apache.catalina.startup.VersionLoggerListener.log JVM Vendor:            Oracle Corporation
16-Feb-2023 23:34:36.839 INFO [main] org.apache.catalina.startup.VersionLoggerListener.log CATALINA_BASE:         C:\Program Files\Apache Software Foundation\Tomcat 9.0_TomcatVippro
16-Feb-2023 23:34:36.839 INFO [main] org.apache.catalina.startup.VersionLoggerListener.log CATALINA_HOME:         C:\Program Files\Apache Software Foundation\Tomcat 9.0_TomcatVippro
16-Feb-2023 23:34:36.876 INFO [main] org.apache.catalina.startup.VersionLoggerListener.log Command line argument: --add-opens=java.base/java.lang=ALL-UNNAMED
16-Feb-2023 23:34:36.878 INFO [main] org.apache.catalina.startup.VersionLoggerListener.log Command line argument: --add-opens=java.base/java.io=ALL-UNNAMED
16-Feb-2023 23:34:36.878 INFO [main] org.apache.catalina.startup.VersionLoggerListener.log Command line argument: --add-opens=java.base/java.util=ALL-UNNAMED
16-Feb-2023 23:34:36.879 INFO [main] org.apache.catalina.startup.VersionLoggerListener.log Command line argument: --add-opens=java.base/java.util.concurrent=ALL-UNNAMED
16-Feb-2023 23:34:36.879 INFO [main] org.apache.catalina.startup.VersionLoggerListener.log Command line argument: --add-opens=java.rmi/sun.rmi.transport=ALL-UNNAMED
16-Feb-2023 23:34:36.880 INFO [main] org.apache.catalina.startup.VersionLoggerListener.log Command line argument: -Djava.util.logging.config.file=C:\Program Files\Apache Software Foundation\Tomcat 9.0_TomcatVippro\conf\logging.properties
16-Feb-2023 23:34:36.881 INFO [main] org.apache.catalina.startup.VersionLoggerListener.log Command line argument: -Djava.util.logging.manager=org.apache.juli.ClassLoaderLogManager
16-Feb-2023 23:34:36.881 INFO [main] org.apache.catalina.startup.VersionLoggerListener.log Command line argument: -Dhttp.nonProxyHosts=localhost|127.0.0.1|DESKTOP-0748AC0
16-Feb-2023 23:34:36.884 INFO [main] org.apache.catalina.startup.VersionLoggerListener.log Command line argument: -Djdk.tls.ephemeralDHKeySize=2048
16-Feb-2023 23:34:36.885 INFO [main] org.apache.catalina.startup.VersionLoggerListener.log Command line argument: -Djava.protocol.handler.pkgs=org.apache.catalina.webresources
16-Feb-2023 23:34:36.888 INFO [main] org.apache.catalina.startup.VersionLoggerListener.log Command line argument: -Dignore.endorsed.dirs=
16-Feb-2023 23:34:36.888 INFO [main] org.apache.catalina.startup.VersionLoggerListener.log Command line argument: -Dcatalina.base=C:\Program Files\Apache Software Foundation\Tomcat 9.0_TomcatVippro
16-Feb-2023 23:34:36.889 INFO [main] org.apache.catalina.startup.VersionLoggerListener.log Command line argument: -Dcatalina.home=C:\Program Files\Apache Software Foundation\Tomcat 9.0_TomcatVippro
16-Feb-2023 23:34:36.889 INFO [main] org.apache.catalina.startup.VersionLoggerListener.log Command line argument: -Djava.io.tmpdir=C:\Program Files\Apache Software Foundation\Tomcat 9.0_TomcatVippro\temp
16-Feb-2023 23:34:36.953 INFO [main] org.apache.catalina.core.AprLifecycleListener.lifecycleEvent The Apache Tomcat Native library which allows using OpenSSL was not found on the java.library.path: [C:\Program Files\Java\jdk-18\bin;C:\WINDOWS\Sun\Java\bin;C:\WINDOWS\system32;C:\WINDOWS;C:\ProgramData\Oracle\Java\javapath;C:\Program Files (x86)\VMware\VMware Workstation\bin\;C:\Program Files\Common Files\Oracle\Java\javapath;C:\Program Files (x86)\Common Files\Oracle\Java\javapath;C:\WINDOWS\system32;C:\WINDOWS;C:\WINDOWS\System32\Wbem;C:\WINDOWS\System32\WindowsPowerShell\v1.0\;C:\WINDOWS\System32\OpenSSH\;C:\MinGW\bin;C:\Program Files\Azure Data Studio\bin;C:\Program Files\Java\jre1.8.0_321\bin;C:\Program Files\nodejs\;C:\Program Files\Git\cmd;C:\Program Files\Java\jdk1.8.0_321\bin;C:\Program Files\Microsoft SQL Server\Client SDK\ODBC\170\Tools\Binn\;C:\Program Files (x86)\Microsoft SQL Server\150\Tools\Binn\;C:\Program Files\Microsoft SQL Server\150\Tools\Binn\;C:\Program Files\Microsoft SQL Server\150\DTS\Binn\;C:\Program Files (x86)\Microsoft SQL Server\150\DTS\Binn\;C:\Program Files\Java\jdk1.8.0_321\bin;C:\Users\PC\AppData\Local\Programs\Microsoft VS Code\bin;C:\Users\PC\AppData\Roaming\npm;.]
16-Feb-2023 23:34:38.107 INFO [main] org.apache.coyote.AbstractProtocol.init Initializing ProtocolHandler ["http-nio-8095"]
16-Feb-2023 23:34:38.258 INFO [main] org.apache.catalina.startup.Catalina.load Server initialization in [2110] milliseconds
16-Feb-2023 23:34:38.486 INFO [main] org.apache.catalina.core.StandardService.startInternal Starting service [Catalina]
16-Feb-2023 23:34:38.486 INFO [main] org.apache.catalina.core.StandardEngine.startInternal Starting Servlet engine: [Apache Tomcat/9.0.69]
16-Feb-2023 23:34:38.545 INFO [main] org.apache.catalina.startup.HostConfig.deployDescriptor Deploying deployment descriptor [C:\Program Files\Apache Software Foundation\Tomcat 9.0_TomcatVippro\conf\Catalina\localhost\ImageTest.xml]
16-Feb-2023 23:34:38.644 WARNING [main] org.apache.catalina.startup.HostConfig.deployDescriptor The path attribute with value [/ImageTest] in deployment descriptor [C:\Program Files\Apache Software Foundation\Tomcat 9.0_TomcatVippro\conf\Catalina\localhost\ImageTest.xml] has been ignored
16-Feb-2023 23:34:39.623 INFO [main] org.apache.catalina.startup.HostConfig.deployDescriptor Deployment of deployment descriptor [C:\Program Files\Apache Software Foundation\Tomcat 9.0_TomcatVippro\conf\Catalina\localhost\ImageTest.xml] has finished in [1,077] ms
16-Feb-2023 23:34:39.624 INFO [main] org.apache.catalina.startup.HostConfig.deployDirectory Deploying web application directory [C:\Program Files\Apache Software Foundation\Tomcat 9.0_TomcatVippro\webapps\docs]
16-Feb-2023 23:34:39.721 INFO [main] org.apache.catalina.startup.HostConfig.deployDirectory Deployment of web application directory [C:\Program Files\Apache Software Foundation\Tomcat 9.0_TomcatVippro\webapps\docs] has finished in [96] ms
16-Feb-2023 23:34:39.721 INFO [main] org.apache.catalina.startup.HostConfig.deployDirectory Deploying web application directory [C:\Program Files\Apache Software Foundation\Tomcat 9.0_TomcatVippro\webapps\manager]
16-Feb-2023 23:34:39.941 INFO [main] org.apache.catalina.startup.HostConfig.deployDirectory Deployment of web application directory [C:\Program Files\Apache Software Foundation\Tomcat 9.0_TomcatVippro\webapps\manager] has finished in [219] ms
16-Feb-2023 23:34:39.941 INFO [main] org.apache.catalina.startup.HostConfig.deployDirectory Deploying web application directory [C:\Program Files\Apache Software Foundation\Tomcat 9.0_TomcatVippro\webapps\ROOT]
16-Feb-2023 23:34:40.053 INFO [main] org.apache.catalina.startup.HostConfig.deployDirectory Deployment of web application directory [C:\Program Files\Apache Software Foundation\Tomcat 9.0_TomcatVippro\webapps\ROOT] has finished in [112] ms
16-Feb-2023 23:34:40.059 INFO [main] org.apache.coyote.AbstractProtocol.start Starting ProtocolHandler ["http-nio-8095"]
16-Feb-2023 23:34:40.161 INFO [main] org.apache.catalina.startup.Catalina.start Server startup in [1896] milliseconds
16-Feb-2023 23:34:44.368 INFO [http-nio-8095-exec-10] org.apache.catalina.startup.HostConfig.deployDescriptor Deploying deployment descriptor [C:\Program Files\Apache Software Foundation\Tomcat 9.0_TomcatVippro\conf\Catalina\localhost\Jsp_Servlet_FPTU_Demo.xml]
16-Feb-2023 23:34:44.371 WARNING [http-nio-8095-exec-10] org.apache.catalina.startup.HostConfig.deployDescriptor The path attribute with value [/Jsp_Servlet_FPTU_Demo] in deployment descriptor [C:\Program Files\Apache Software Foundation\Tomcat 9.0_TomcatVippro\conf\Catalina\localhost\Jsp_Servlet_FPTU_Demo.xml] has been ignored
16-Feb-2023 23:34:46.374 INFO [http-nio-8095-exec-10] org.apache.jasper.servlet.TldScanner.scanJars At least one JAR was scanned for TLDs yet contained no TLDs. Enable debug logging for this logger for a complete list of JARs that were scanned but no TLDs were found in them. Skipping unneeded JARs during scanning can improve startup time and JSP compilation time.
16-Feb-2023 23:34:46.384 INFO [http-nio-8095-exec-10] org.apache.catalina.startup.HostConfig.deployDescriptor Deployment of deployment descriptor [C:\Program Files\Apache Software Foundation\Tomcat 9.0_TomcatVippro\conf\Catalina\localhost\Jsp_Servlet_FPTU_Demo.xml] has finished in [2,015] ms
16-Feb-2023 23:34:46.390 INFO [http-nio-8095-exec-1] org.apache.catalina.util.LifecycleBase.start The start() method was called on component [StandardEngine[Catalina].StandardHost[localhost].StandardContext[/Jsp_Servlet_FPTU_Demo]] after start() had already been called. The second call will be ignored.
16-Feb-2023 23:36:31.606 INFO [http-nio-8095-exec-9] org.apache.catalina.core.StandardContext.reload Reloading Context with name [/Jsp_Servlet_FPTU_Demo] has started
16-Feb-2023 23:36:34.498 INFO [http-nio-8095-exec-9] org.apache.jasper.servlet.TldScanner.scanJars At least one JAR was scanned for TLDs yet contained no TLDs. Enable debug logging for this logger for a complete list of JARs that were scanned but no TLDs were found in them. Skipping unneeded JARs during scanning can improve startup time and JSP compilation time.
16-Feb-2023 23:36:34.547 INFO [http-nio-8095-exec-9] org.apache.catalina.core.StandardContext.reload Reloading Context with name [/Jsp_Servlet_FPTU_Demo] is completed
16-Feb-2023 23:36:42.168 INFO [http-nio-8095-exec-8] org.apache.catalina.core.StandardContext.reload Reloading Context with name [/Jsp_Servlet_FPTU_Demo] has started
16-Feb-2023 23:36:45.186 INFO [http-nio-8095-exec-8] org.apache.jasper.servlet.TldScanner.scanJars At least one JAR was scanned for TLDs yet contained no TLDs. Enable debug logging for this logger for a complete list of JARs that were scanned but no TLDs were found in them. Skipping unneeded JARs during scanning can improve startup time and JSP compilation time.
16-Feb-2023 23:36:45.198 INFO [http-nio-8095-exec-8] org.apache.catalina.core.StandardContext.reload Reloading Context with name [/Jsp_Servlet_FPTU_Demo] is completed
16-Feb-2023 23:37:19.199 INFO [http-nio-8095-exec-13] org.apache.catalina.core.StandardContext.reload Reloading Context with name [/Jsp_Servlet_FPTU_Demo] has started
16-Feb-2023 23:37:22.825 INFO [http-nio-8095-exec-13] org.apache.jasper.servlet.TldScanner.scanJars At least one JAR was scanned for TLDs yet contained no TLDs. Enable debug logging for this logger for a complete list of JARs that were scanned but no TLDs were found in them. Skipping unneeded JARs during scanning can improve startup time and JSP compilation time.
16-Feb-2023 23:37:22.832 INFO [http-nio-8095-exec-13] org.apache.catalina.core.StandardContext.reload Reloading Context with name [/Jsp_Servlet_FPTU_Demo] is completed
16-Feb-2023 23:37:32.748 INFO [http-nio-8095-exec-4] org.apache.catalina.core.StandardContext.reload Reloading Context with name [/Jsp_Servlet_FPTU_Demo] has started
16-Feb-2023 23:37:35.221 INFO [http-nio-8095-exec-4] org.apache.jasper.servlet.TldScanner.scanJars At least one JAR was scanned for TLDs yet contained no TLDs. Enable debug logging for this logger for a complete list of JARs that were scanned but no TLDs were found in them. Skipping unneeded JARs during scanning can improve startup time and JSP compilation time.
16-Feb-2023 23:37:35.233 INFO [http-nio-8095-exec-4] org.apache.catalina.core.StandardContext.reload Reloading Context with name [/Jsp_Servlet_FPTU_Demo] is completed
16-Feb-2023 23:38:14.512 INFO [http-nio-8095-exec-3] org.apache.catalina.core.StandardContext.reload Reloading Context with name [/Jsp_Servlet_FPTU_Demo] has started
16-Feb-2023 23:38:16.612 INFO [http-nio-8095-exec-3] org.apache.jasper.servlet.TldScanner.scanJars At least one JAR was scanned for TLDs yet contained no TLDs. Enable debug logging for this logger for a complete list of JARs that were scanned but no TLDs were found in them. Skipping unneeded JARs during scanning can improve startup time and JSP compilation time.
16-Feb-2023 23:38:16.626 INFO [http-nio-8095-exec-3] org.apache.catalina.core.StandardContext.reload Reloading Context with name [/Jsp_Servlet_FPTU_Demo] is completed
16-Feb-2023 23:41:06.434 INFO [http-nio-8095-exec-24] org.apache.catalina.core.StandardContext.reload Reloading Context with name [/Jsp_Servlet_FPTU_Demo] has started
16-Feb-2023 23:41:07.885 INFO [http-nio-8095-exec-24] org.apache.jasper.servlet.TldScanner.scanJars At least one JAR was scanned for TLDs yet contained no TLDs. Enable debug logging for this logger for a complete list of JARs that were scanned but no TLDs were found in them. Skipping unneeded JARs during scanning can improve startup time and JSP compilation time.
16-Feb-2023 23:41:07.892 INFO [http-nio-8095-exec-24] org.apache.catalina.core.StandardContext.reload Reloading Context with name [/Jsp_Servlet_FPTU_Demo] is completed
16-Feb-2023 23:41:16.147 INFO [http-nio-8095-exec-31] org.apache.catalina.core.StandardContext.reload Reloading Context with name [/Jsp_Servlet_FPTU_Demo] has started
16-Feb-2023 23:41:17.623 INFO [http-nio-8095-exec-31] org.apache.jasper.servlet.TldScanner.scanJars At least one JAR was scanned for TLDs yet contained no TLDs. Enable debug logging for this logger for a complete list of JARs that were scanned but no TLDs were found in them. Skipping unneeded JARs during scanning can improve startup time and JSP compilation time.
16-Feb-2023 23:41:17.631 INFO [http-nio-8095-exec-31] org.apache.catalina.core.StandardContext.reload Reloading Context with name [/Jsp_Servlet_FPTU_Demo] is completed
16-Feb-2023 23:55:11.302 INFO [http-nio-8095-exec-44] org.apache.catalina.core.StandardContext.reload Reloading Context with name [/Jsp_Servlet_FPTU_Demo] has started
16-Feb-2023 23:55:13.406 INFO [http-nio-8095-exec-44] org.apache.jasper.servlet.TldScanner.scanJars At least one JAR was scanned for TLDs yet contained no TLDs. Enable debug logging for this logger for a complete list of JARs that were scanned but no TLDs were found in them. Skipping unneeded JARs during scanning can improve startup time and JSP compilation time.
16-Feb-2023 23:55:13.418 INFO [http-nio-8095-exec-44] org.apache.catalina.core.StandardContext.reload Reloading Context with name [/Jsp_Servlet_FPTU_Demo] is completed
16-Feb-2023 23:55:44.249 INFO [http-nio-8095-exec-40] org.apache.catalina.core.StandardContext.reload Reloading Context with name [/Jsp_Servlet_FPTU_Demo] has started
16-Feb-2023 23:55:46.481 INFO [http-nio-8095-exec-40] org.apache.jasper.servlet.TldScanner.scanJars At least one JAR was scanned for TLDs yet contained no TLDs. Enable debug logging for this logger for a complete list of JARs that were scanned but no TLDs were found in them. Skipping unneeded JARs during scanning can improve startup time and JSP compilation time.
16-Feb-2023 23:55:46.489 INFO [http-nio-8095-exec-40] org.apache.catalina.core.StandardContext.reload Reloading Context with name [/Jsp_Servlet_FPTU_Demo] is completed
16-Feb-2023 23:56:20.553 INFO [http-nio-8095-exec-37] org.apache.jasper.servlet.TldScanner.scanJars At least one JAR was scanned for TLDs yet contained no TLDs. Enable debug logging for this logger for a complete list of JARs that were scanned but no TLDs were found in them. Skipping unneeded JARs during scanning can improve startup time and JSP compilation time.
16-Feb-2023 23:59:28.713 SEVERE [main] org.apache.catalina.startup.Catalina.stopServer No shutdown port configured. Shut down server through OS signal. Server not shut down.
