20-Feb-2023 22:29:21.129 INFO [main] org.apache.catalina.startup.VersionLoggerListener.log Server version name:   Apache Tomcat/9.0.69
20-Feb-2023 22:29:21.156 INFO [main] org.apache.catalina.startup.VersionLoggerListener.log Server built:          Nov 9 2022 18:43:47 UTC
20-Feb-2023 22:29:21.156 INFO [main] org.apache.catalina.startup.VersionLoggerListener.log Server version number: 9.0.69.0
20-Feb-2023 22:29:21.156 INFO [main] org.apache.catalina.startup.VersionLoggerListener.log OS Name:               Windows 10
20-Feb-2023 22:29:21.157 INFO [main] org.apache.catalina.startup.VersionLoggerListener.log OS Version:            10.0
20-Feb-2023 22:29:21.157 INFO [main] org.apache.catalina.startup.VersionLoggerListener.log Architecture:          amd64
20-Feb-2023 22:29:21.157 INFO [main] org.apache.catalina.startup.VersionLoggerListener.log Java Home:             C:\Program Files\Java\jdk-18
20-Feb-2023 22:29:21.158 INFO [main] org.apache.catalina.startup.VersionLoggerListener.log JVM Version:           18+36-2087
20-Feb-2023 22:29:21.158 INFO [main] org.apache.catalina.startup.VersionLoggerListener.log JVM Vendor:            Oracle Corporation
20-Feb-2023 22:29:21.158 INFO [main] org.apache.catalina.startup.VersionLoggerListener.log CATALINA_BASE:         C:\Program Files\Apache Software Foundation\Tomcat 9.0_TomcatVippro
20-Feb-2023 22:29:21.158 INFO [main] org.apache.catalina.startup.VersionLoggerListener.log CATALINA_HOME:         C:\Program Files\Apache Software Foundation\Tomcat 9.0_TomcatVippro
20-Feb-2023 22:29:21.193 INFO [main] org.apache.catalina.startup.VersionLoggerListener.log Command line argument: --add-opens=java.base/java.lang=ALL-UNNAMED
20-Feb-2023 22:29:21.193 INFO [main] org.apache.catalina.startup.VersionLoggerListener.log Command line argument: --add-opens=java.base/java.io=ALL-UNNAMED
20-Feb-2023 22:29:21.194 INFO [main] org.apache.catalina.startup.VersionLoggerListener.log Command line argument: --add-opens=java.base/java.util=ALL-UNNAMED
20-Feb-2023 22:29:21.194 INFO [main] org.apache.catalina.startup.VersionLoggerListener.log Command line argument: --add-opens=java.base/java.util.concurrent=ALL-UNNAMED
20-Feb-2023 22:29:21.194 INFO [main] org.apache.catalina.startup.VersionLoggerListener.log Command line argument: --add-opens=java.rmi/sun.rmi.transport=ALL-UNNAMED
20-Feb-2023 22:29:21.194 INFO [main] org.apache.catalina.startup.VersionLoggerListener.log Command line argument: -Djava.util.logging.config.file=C:\Program Files\Apache Software Foundation\Tomcat 9.0_TomcatVippro\conf\logging.properties
20-Feb-2023 22:29:21.195 INFO [main] org.apache.catalina.startup.VersionLoggerListener.log Command line argument: -Djava.util.logging.manager=org.apache.juli.ClassLoaderLogManager
20-Feb-2023 22:29:21.195 INFO [main] org.apache.catalina.startup.VersionLoggerListener.log Command line argument: -Dhttp.nonProxyHosts=localhost|127.0.0.1|DESKTOP-0748AC0
20-Feb-2023 22:29:21.195 INFO [main] org.apache.catalina.startup.VersionLoggerListener.log Command line argument: -Djdk.tls.ephemeralDHKeySize=2048
20-Feb-2023 22:29:21.195 INFO [main] org.apache.catalina.startup.VersionLoggerListener.log Command line argument: -Djava.protocol.handler.pkgs=org.apache.catalina.webresources
20-Feb-2023 22:29:21.195 INFO [main] org.apache.catalina.startup.VersionLoggerListener.log Command line argument: -Dignore.endorsed.dirs=
20-Feb-2023 22:29:21.196 INFO [main] org.apache.catalina.startup.VersionLoggerListener.log Command line argument: -Dcatalina.base=C:\Program Files\Apache Software Foundation\Tomcat 9.0_TomcatVippro
20-Feb-2023 22:29:21.196 INFO [main] org.apache.catalina.startup.VersionLoggerListener.log Command line argument: -Dcatalina.home=C:\Program Files\Apache Software Foundation\Tomcat 9.0_TomcatVippro
20-Feb-2023 22:29:21.196 INFO [main] org.apache.catalina.startup.VersionLoggerListener.log Command line argument: -Djava.io.tmpdir=C:\Program Files\Apache Software Foundation\Tomcat 9.0_TomcatVippro\temp
20-Feb-2023 22:29:21.213 INFO [main] org.apache.catalina.core.AprLifecycleListener.lifecycleEvent The Apache Tomcat Native library which allows using OpenSSL was not found on the java.library.path: [C:\Program Files\Java\jdk-18\bin;C:\WINDOWS\Sun\Java\bin;C:\WINDOWS\system32;C:\WINDOWS;C:\ProgramData\Oracle\Java\javapath;C:\Program Files (x86)\VMware\VMware Workstation\bin\;C:\Program Files\Common Files\Oracle\Java\javapath;C:\Program Files (x86)\Common Files\Oracle\Java\javapath;C:\WINDOWS\system32;C:\WINDOWS;C:\WINDOWS\System32\Wbem;C:\WINDOWS\System32\WindowsPowerShell\v1.0\;C:\WINDOWS\System32\OpenSSH\;C:\MinGW\bin;C:\Program Files\Azure Data Studio\bin;C:\Program Files\Java\jre1.8.0_321\bin;C:\Program Files\nodejs\;C:\Program Files\Git\cmd;C:\Program Files\Java\jdk1.8.0_321\bin;C:\Program Files\Microsoft SQL Server\Client SDK\ODBC\170\Tools\Binn\;C:\Program Files (x86)\Microsoft SQL Server\150\Tools\Binn\;C:\Program Files\Microsoft SQL Server\150\Tools\Binn\;C:\Program Files\Microsoft SQL Server\150\DTS\Binn\;C:\Program Files (x86)\Microsoft SQL Server\150\DTS\Binn\;C:\Program Files\Java\jdk1.8.0_321\bin;C:\Users\PC\AppData\Local\Programs\Microsoft VS Code\bin;C:\Users\PC\AppData\Roaming\npm;.]
20-Feb-2023 22:29:22.081 INFO [main] org.apache.coyote.AbstractProtocol.init Initializing ProtocolHandler ["http-nio-8095"]
20-Feb-2023 22:29:22.240 INFO [main] org.apache.catalina.startup.Catalina.load Server initialization in [1757] milliseconds
20-Feb-2023 22:29:22.345 INFO [main] org.apache.catalina.core.StandardService.startInternal Starting service [Catalina]
20-Feb-2023 22:29:22.345 INFO [main] org.apache.catalina.core.StandardEngine.startInternal Starting Servlet engine: [Apache Tomcat/9.0.69]
20-Feb-2023 22:29:22.363 INFO [main] org.apache.catalina.startup.HostConfig.deployDescriptor Deploying deployment descriptor [C:\Program Files\Apache Software Foundation\Tomcat 9.0_TomcatVippro\conf\Catalina\localhost\ImageTest.xml]
20-Feb-2023 22:29:22.395 WARNING [main] org.apache.catalina.startup.HostConfig.deployDescriptor The path attribute with value [/ImageTest] in deployment descriptor [C:\Program Files\Apache Software Foundation\Tomcat 9.0_TomcatVippro\conf\Catalina\localhost\ImageTest.xml] has been ignored
20-Feb-2023 22:29:23.163 INFO [main] org.apache.catalina.startup.HostConfig.deployDescriptor Deployment of deployment descriptor [C:\Program Files\Apache Software Foundation\Tomcat 9.0_TomcatVippro\conf\Catalina\localhost\ImageTest.xml] has finished in [799] ms
20-Feb-2023 22:29:23.163 INFO [main] org.apache.catalina.startup.HostConfig.deployDescriptor Deploying deployment descriptor [C:\Program Files\Apache Software Foundation\Tomcat 9.0_TomcatVippro\conf\Catalina\localhost\Jsp_Servlet_FPTU_Demo.xml]
20-Feb-2023 22:29:23.168 WARNING [main] org.apache.catalina.startup.HostConfig.deployDescriptor The path attribute with value [/Jsp_Servlet_FPTU_Demo] in deployment descriptor [C:\Program Files\Apache Software Foundation\Tomcat 9.0_TomcatVippro\conf\Catalina\localhost\Jsp_Servlet_FPTU_Demo.xml] has been ignored
20-Feb-2023 22:29:24.856 INFO [main] org.apache.jasper.servlet.TldScanner.scanJars At least one JAR was scanned for TLDs yet contained no TLDs. Enable debug logging for this logger for a complete list of JARs that were scanned but no TLDs were found in them. Skipping unneeded JARs during scanning can improve startup time and JSP compilation time.
20-Feb-2023 22:29:24.911 INFO [main] org.apache.catalina.startup.HostConfig.deployDescriptor Deployment of deployment descriptor [C:\Program Files\Apache Software Foundation\Tomcat 9.0_TomcatVippro\conf\Catalina\localhost\Jsp_Servlet_FPTU_Demo.xml] has finished in [1,747] ms
20-Feb-2023 22:29:24.915 INFO [main] org.apache.catalina.startup.HostConfig.deployDirectory Deploying web application directory [C:\Program Files\Apache Software Foundation\Tomcat 9.0_TomcatVippro\webapps\docs]
20-Feb-2023 22:29:25.130 INFO [main] org.apache.catalina.startup.HostConfig.deployDirectory Deployment of web application directory [C:\Program Files\Apache Software Foundation\Tomcat 9.0_TomcatVippro\webapps\docs] has finished in [214] ms
20-Feb-2023 22:29:25.131 INFO [main] org.apache.catalina.startup.HostConfig.deployDirectory Deploying web application directory [C:\Program Files\Apache Software Foundation\Tomcat 9.0_TomcatVippro\webapps\manager]
20-Feb-2023 22:29:25.320 INFO [main] org.apache.catalina.startup.HostConfig.deployDirectory Deployment of web application directory [C:\Program Files\Apache Software Foundation\Tomcat 9.0_TomcatVippro\webapps\manager] has finished in [189] ms
20-Feb-2023 22:29:25.320 INFO [main] org.apache.catalina.startup.HostConfig.deployDirectory Deploying web application directory [C:\Program Files\Apache Software Foundation\Tomcat 9.0_TomcatVippro\webapps\ROOT]
20-Feb-2023 22:29:25.415 INFO [main] org.apache.catalina.startup.HostConfig.deployDirectory Deployment of web application directory [C:\Program Files\Apache Software Foundation\Tomcat 9.0_TomcatVippro\webapps\ROOT] has finished in [95] ms
20-Feb-2023 22:29:25.423 INFO [main] org.apache.coyote.AbstractProtocol.start Starting ProtocolHandler ["http-nio-8095"]
20-Feb-2023 22:29:25.579 INFO [main] org.apache.catalina.startup.Catalina.start Server startup in [3334] milliseconds
20-Feb-2023 22:34:35.342 SEVERE [main] org.apache.catalina.startup.Catalina.stopServer No shutdown port configured. Shut down server through OS signal. Server not shut down.
20-Feb-2023 22:35:09.549 INFO [http-nio-8095-exec-8] org.apache.catalina.core.StandardContext.reload Reloading Context with name [/Jsp_Servlet_FPTU_Demo] has started
20-Feb-2023 22:35:11.395 INFO [http-nio-8095-exec-8] org.apache.jasper.servlet.TldScanner.scanJars At least one JAR was scanned for TLDs yet contained no TLDs. Enable debug logging for this logger for a complete list of JARs that were scanned but no TLDs were found in them. Skipping unneeded JARs during scanning can improve startup time and JSP compilation time.
20-Feb-2023 22:35:11.402 INFO [http-nio-8095-exec-8] org.apache.catalina.core.StandardContext.reload Reloading Context with name [/Jsp_Servlet_FPTU_Demo] is completed
20-Feb-2023 22:35:17.362 INFO [http-nio-8095-exec-2] org.apache.catalina.startup.HostConfig.undeploy Undeploying context [/Jsp_Servlet_FPTU_Demo]
20-Feb-2023 22:35:17.394 INFO [http-nio-8095-exec-11] org.apache.catalina.startup.HostConfig.deployDescriptor Deploying deployment descriptor [C:\Program Files\Apache Software Foundation\Tomcat 9.0_TomcatVippro\conf\Catalina\localhost\Jsp_Servlet_FPTU_Demo.xml]
20-Feb-2023 22:35:17.396 WARNING [http-nio-8095-exec-11] org.apache.catalina.startup.HostConfig.deployDescriptor The path attribute with value [/Jsp_Servlet_FPTU_Demo] in deployment descriptor [C:\Program Files\Apache Software Foundation\Tomcat 9.0_TomcatVippro\conf\Catalina\localhost\Jsp_Servlet_FPTU_Demo.xml] has been ignored
20-Feb-2023 22:35:18.601 INFO [http-nio-8095-exec-11] org.apache.jasper.servlet.TldScanner.scanJars At least one JAR was scanned for TLDs yet contained no TLDs. Enable debug logging for this logger for a complete list of JARs that were scanned but no TLDs were found in them. Skipping unneeded JARs during scanning can improve startup time and JSP compilation time.
20-Feb-2023 22:35:18.607 INFO [http-nio-8095-exec-11] org.apache.catalina.startup.HostConfig.deployDescriptor Deployment of deployment descriptor [C:\Program Files\Apache Software Foundation\Tomcat 9.0_TomcatVippro\conf\Catalina\localhost\Jsp_Servlet_FPTU_Demo.xml] has finished in [1,213] ms
20-Feb-2023 22:35:30.950 INFO [http-nio-8095-exec-16] org.apache.jasper.servlet.TldScanner.scanJars At least one JAR was scanned for TLDs yet contained no TLDs. Enable debug logging for this logger for a complete list of JARs that were scanned but no TLDs were found in them. Skipping unneeded JARs during scanning can improve startup time and JSP compilation time.
20-Feb-2023 22:36:42.499 SEVERE [main] org.apache.catalina.startup.Catalina.stopServer No shutdown port configured. Shut down server through OS signal. Server not shut down.
20-Feb-2023 22:36:57.736 INFO [http-nio-8095-exec-19] org.apache.catalina.core.StandardContext.reload Reloading Context with name [/Jsp_Servlet_FPTU_Demo] has started
20-Feb-2023 22:36:58.873 INFO [http-nio-8095-exec-19] org.apache.jasper.servlet.TldScanner.scanJars At least one JAR was scanned for TLDs yet contained no TLDs. Enable debug logging for this logger for a complete list of JARs that were scanned but no TLDs were found in them. Skipping unneeded JARs during scanning can improve startup time and JSP compilation time.
20-Feb-2023 22:36:58.879 INFO [http-nio-8095-exec-19] org.apache.catalina.core.StandardContext.reload Reloading Context with name [/Jsp_Servlet_FPTU_Demo] is completed
20-Feb-2023 22:37:23.002 INFO [http-nio-8095-exec-29] org.apache.catalina.core.StandardContext.reload Reloading Context with name [/Jsp_Servlet_FPTU_Demo] has started
20-Feb-2023 22:37:24.160 INFO [http-nio-8095-exec-29] org.apache.jasper.servlet.TldScanner.scanJars At least one JAR was scanned for TLDs yet contained no TLDs. Enable debug logging for this logger for a complete list of JARs that were scanned but no TLDs were found in them. Skipping unneeded JARs during scanning can improve startup time and JSP compilation time.
20-Feb-2023 22:37:24.166 INFO [http-nio-8095-exec-29] org.apache.catalina.core.StandardContext.reload Reloading Context with name [/Jsp_Servlet_FPTU_Demo] is completed
20-Feb-2023 22:38:14.707 SEVERE [main] org.apache.catalina.startup.Catalina.stopServer No shutdown port configured. Shut down server through OS signal. Server not shut down.
20-Feb-2023 22:38:16.542 INFO [http-nio-8095-exec-40] org.apache.catalina.core.StandardContext.reload Reloading Context with name [/Jsp_Servlet_FPTU_Demo] has started
20-Feb-2023 22:38:17.769 INFO [http-nio-8095-exec-40] org.apache.jasper.servlet.TldScanner.scanJars At least one JAR was scanned for TLDs yet contained no TLDs. Enable debug logging for this logger for a complete list of JARs that were scanned but no TLDs were found in them. Skipping unneeded JARs during scanning can improve startup time and JSP compilation time.
20-Feb-2023 22:38:17.777 INFO [http-nio-8095-exec-40] org.apache.catalina.core.StandardContext.reload Reloading Context with name [/Jsp_Servlet_FPTU_Demo] is completed
20-Feb-2023 22:38:52.305 SEVERE [main] org.apache.catalina.startup.Catalina.stopServer No shutdown port configured. Shut down server through OS signal. Server not shut down.
20-Feb-2023 22:39:22.758 SEVERE [main] org.apache.catalina.startup.Catalina.stopServer No shutdown port configured. Shut down server through OS signal. Server not shut down.
20-Feb-2023 22:39:48.864 INFO [http-nio-8095-exec-52] org.apache.catalina.core.StandardContext.reload Reloading Context with name [/Jsp_Servlet_FPTU_Demo] has started
20-Feb-2023 22:39:49.924 INFO [http-nio-8095-exec-52] org.apache.jasper.servlet.TldScanner.scanJars At least one JAR was scanned for TLDs yet contained no TLDs. Enable debug logging for this logger for a complete list of JARs that were scanned but no TLDs were found in them. Skipping unneeded JARs during scanning can improve startup time and JSP compilation time.
20-Feb-2023 22:39:49.931 INFO [http-nio-8095-exec-52] org.apache.catalina.core.StandardContext.reload Reloading Context with name [/Jsp_Servlet_FPTU_Demo] is completed
20-Feb-2023 22:39:56.126 SEVERE [main] org.apache.catalina.startup.Catalina.stopServer No shutdown port configured. Shut down server through OS signal. Server not shut down.
20-Feb-2023 22:40:44.341 SEVERE [main] org.apache.catalina.startup.Catalina.stopServer No shutdown port configured. Shut down server through OS signal. Server not shut down.
20-Feb-2023 22:42:27.426 INFO [http-nio-8095-exec-63] org.apache.catalina.core.StandardContext.reload Reloading Context with name [/Jsp_Servlet_FPTU_Demo] has started
20-Feb-2023 22:42:28.429 INFO [http-nio-8095-exec-63] org.apache.jasper.servlet.TldScanner.scanJars At least one JAR was scanned for TLDs yet contained no TLDs. Enable debug logging for this logger for a complete list of JARs that were scanned but no TLDs were found in them. Skipping unneeded JARs during scanning can improve startup time and JSP compilation time.
20-Feb-2023 22:42:28.437 INFO [http-nio-8095-exec-63] org.apache.catalina.core.StandardContext.reload Reloading Context with name [/Jsp_Servlet_FPTU_Demo] is completed
