25-Feb-2023 19:48:19.161 INFO [main] org.apache.catalina.startup.VersionLoggerListener.log Server version name:   Apache Tomcat/9.0.69
25-Feb-2023 19:48:19.168 INFO [main] org.apache.catalina.startup.VersionLoggerListener.log Server built:          Nov 9 2022 18:43:47 UTC
25-Feb-2023 19:48:19.168 INFO [main] org.apache.catalina.startup.VersionLoggerListener.log Server version number: 9.0.69.0
25-Feb-2023 19:48:19.169 INFO [main] org.apache.catalina.startup.VersionLoggerListener.log OS Name:               Windows 10
25-Feb-2023 19:48:19.169 INFO [main] org.apache.catalina.startup.VersionLoggerListener.log OS Version:            10.0
25-Feb-2023 19:48:19.169 INFO [main] org.apache.catalina.startup.VersionLoggerListener.log Architecture:          amd64
25-Feb-2023 19:48:19.169 INFO [main] org.apache.catalina.startup.VersionLoggerListener.log Java Home:             C:\Program Files\Java\jdk-18
25-Feb-2023 19:48:19.169 INFO [main] org.apache.catalina.startup.VersionLoggerListener.log JVM Version:           18+36-2087
25-Feb-2023 19:48:19.170 INFO [main] org.apache.catalina.startup.VersionLoggerListener.log JVM Vendor:            Oracle Corporation
25-Feb-2023 19:48:19.170 INFO [main] org.apache.catalina.startup.VersionLoggerListener.log CATALINA_BASE:         C:\Program Files\Apache Software Foundation\Tomcat 9.0_TomcatVippro
25-Feb-2023 19:48:19.170 INFO [main] org.apache.catalina.startup.VersionLoggerListener.log CATALINA_HOME:         C:\Program Files\Apache Software Foundation\Tomcat 9.0_TomcatVippro
25-Feb-2023 19:48:19.199 INFO [main] org.apache.catalina.startup.VersionLoggerListener.log Command line argument: --add-opens=java.base/java.lang=ALL-UNNAMED
25-Feb-2023 19:48:19.201 INFO [main] org.apache.catalina.startup.VersionLoggerListener.log Command line argument: --add-opens=java.base/java.io=ALL-UNNAMED
25-Feb-2023 19:48:19.201 INFO [main] org.apache.catalina.startup.VersionLoggerListener.log Command line argument: --add-opens=java.base/java.util=ALL-UNNAMED
25-Feb-2023 19:48:19.202 INFO [main] org.apache.catalina.startup.VersionLoggerListener.log Command line argument: --add-opens=java.base/java.util.concurrent=ALL-UNNAMED
25-Feb-2023 19:48:19.202 INFO [main] org.apache.catalina.startup.VersionLoggerListener.log Command line argument: --add-opens=java.rmi/sun.rmi.transport=ALL-UNNAMED
25-Feb-2023 19:48:19.203 INFO [main] org.apache.catalina.startup.VersionLoggerListener.log Command line argument: -Djava.util.logging.config.file=C:\Program Files\Apache Software Foundation\Tomcat 9.0_TomcatVippro\conf\logging.properties
25-Feb-2023 19:48:19.203 INFO [main] org.apache.catalina.startup.VersionLoggerListener.log Command line argument: -Djava.util.logging.manager=org.apache.juli.ClassLoaderLogManager
25-Feb-2023 19:48:19.203 INFO [main] org.apache.catalina.startup.VersionLoggerListener.log Command line argument: -Dhttp.nonProxyHosts=localhost|127.0.0.1|DESKTOP-0748AC0
25-Feb-2023 19:48:19.204 INFO [main] org.apache.catalina.startup.VersionLoggerListener.log Command line argument: -Djdk.tls.ephemeralDHKeySize=2048
25-Feb-2023 19:48:19.204 INFO [main] org.apache.catalina.startup.VersionLoggerListener.log Command line argument: -Djava.protocol.handler.pkgs=org.apache.catalina.webresources
25-Feb-2023 19:48:19.204 INFO [main] org.apache.catalina.startup.VersionLoggerListener.log Command line argument: -Dignore.endorsed.dirs=
25-Feb-2023 19:48:19.204 INFO [main] org.apache.catalina.startup.VersionLoggerListener.log Command line argument: -Dcatalina.base=C:\Program Files\Apache Software Foundation\Tomcat 9.0_TomcatVippro
25-Feb-2023 19:48:19.205 INFO [main] org.apache.catalina.startup.VersionLoggerListener.log Command line argument: -Dcatalina.home=C:\Program Files\Apache Software Foundation\Tomcat 9.0_TomcatVippro
25-Feb-2023 19:48:19.205 INFO [main] org.apache.catalina.startup.VersionLoggerListener.log Command line argument: -Djava.io.tmpdir=C:\Program Files\Apache Software Foundation\Tomcat 9.0_TomcatVippro\temp
25-Feb-2023 19:48:19.235 INFO [main] org.apache.catalina.core.AprLifecycleListener.lifecycleEvent The Apache Tomcat Native library which allows using OpenSSL was not found on the java.library.path: [C:\Program Files\Java\jdk-18\bin;C:\WINDOWS\Sun\Java\bin;C:\WINDOWS\system32;C:\WINDOWS;C:\ProgramData\Oracle\Java\javapath;C:\Program Files (x86)\VMware\VMware Workstation\bin\;C:\Program Files\Common Files\Oracle\Java\javapath;C:\Program Files (x86)\Common Files\Oracle\Java\javapath;C:\WINDOWS\system32;C:\WINDOWS;C:\WINDOWS\System32\Wbem;C:\WINDOWS\System32\WindowsPowerShell\v1.0\;C:\WINDOWS\System32\OpenSSH\;C:\MinGW\bin;C:\Program Files\Azure Data Studio\bin;C:\Program Files\Java\jre1.8.0_321\bin;C:\Program Files\nodejs\;C:\Program Files\Git\cmd;C:\Program Files\Java\jdk1.8.0_321\bin;C:\Program Files\Microsoft SQL Server\Client SDK\ODBC\170\Tools\Binn\;C:\Program Files (x86)\Microsoft SQL Server\150\Tools\Binn\;C:\Program Files\Microsoft SQL Server\150\Tools\Binn\;C:\Program Files\Microsoft SQL Server\150\DTS\Binn\;C:\Program Files (x86)\Microsoft SQL Server\150\DTS\Binn\;C:\Program Files\Java\jdk1.8.0_321\bin;C:\Users\PC\AppData\Local\Programs\Microsoft VS Code\bin;C:\Users\PC\AppData\Roaming\npm;.]
25-Feb-2023 19:48:20.379 INFO [main] org.apache.coyote.AbstractProtocol.init Initializing ProtocolHandler ["http-nio-8095"]
25-Feb-2023 19:48:20.433 INFO [main] org.apache.catalina.startup.Catalina.load Server initialization in [1714] milliseconds
25-Feb-2023 19:48:20.576 INFO [main] org.apache.catalina.core.StandardService.startInternal Starting service [Catalina]
25-Feb-2023 19:48:20.577 INFO [main] org.apache.catalina.core.StandardEngine.startInternal Starting Servlet engine: [Apache Tomcat/9.0.69]
25-Feb-2023 19:48:20.591 INFO [main] org.apache.catalina.startup.HostConfig.deployDescriptor Deploying deployment descriptor [C:\Program Files\Apache Software Foundation\Tomcat 9.0_TomcatVippro\conf\Catalina\localhost\ExpressLanguage.xml]
25-Feb-2023 19:48:20.622 WARNING [main] org.apache.catalina.startup.HostConfig.deployDescriptor The path attribute with value [/ExpressLanguage] in deployment descriptor [C:\Program Files\Apache Software Foundation\Tomcat 9.0_TomcatVippro\conf\Catalina\localhost\ExpressLanguage.xml] has been ignored
25-Feb-2023 19:48:21.517 INFO [main] org.apache.catalina.startup.HostConfig.deployDescriptor Deployment of deployment descriptor [C:\Program Files\Apache Software Foundation\Tomcat 9.0_TomcatVippro\conf\Catalina\localhost\ExpressLanguage.xml] has finished in [925] ms
25-Feb-2023 19:48:21.517 INFO [main] org.apache.catalina.startup.HostConfig.deployDescriptor Deploying deployment descriptor [C:\Program Files\Apache Software Foundation\Tomcat 9.0_TomcatVippro\conf\Catalina\localhost\ImageTest.xml]
25-Feb-2023 19:48:21.520 WARNING [main] org.apache.catalina.startup.HostConfig.deployDescriptor The path attribute with value [/ImageTest] in deployment descriptor [C:\Program Files\Apache Software Foundation\Tomcat 9.0_TomcatVippro\conf\Catalina\localhost\ImageTest.xml] has been ignored
25-Feb-2023 19:48:21.670 INFO [main] org.apache.catalina.startup.HostConfig.deployDescriptor Deployment of deployment descriptor [C:\Program Files\Apache Software Foundation\Tomcat 9.0_TomcatVippro\conf\Catalina\localhost\ImageTest.xml] has finished in [152] ms
25-Feb-2023 19:48:21.670 INFO [main] org.apache.catalina.startup.HostConfig.deployDescriptor Deploying deployment descriptor [C:\Program Files\Apache Software Foundation\Tomcat 9.0_TomcatVippro\conf\Catalina\localhost\Jsp_Servlet_FPTU_Demo.xml]
25-Feb-2023 19:48:21.674 WARNING [main] org.apache.catalina.startup.HostConfig.deployDescriptor The path attribute with value [/Jsp_Servlet_FPTU_Demo] in deployment descriptor [C:\Program Files\Apache Software Foundation\Tomcat 9.0_TomcatVippro\conf\Catalina\localhost\Jsp_Servlet_FPTU_Demo.xml] has been ignored
25-Feb-2023 19:48:23.897 INFO [main] org.apache.jasper.servlet.TldScanner.scanJars At least one JAR was scanned for TLDs yet contained no TLDs. Enable debug logging for this logger for a complete list of JARs that were scanned but no TLDs were found in them. Skipping unneeded JARs during scanning can improve startup time and JSP compilation time.
25-Feb-2023 19:48:24.201 INFO [main] org.apache.catalina.startup.HostConfig.deployDescriptor Deployment of deployment descriptor [C:\Program Files\Apache Software Foundation\Tomcat 9.0_TomcatVippro\conf\Catalina\localhost\Jsp_Servlet_FPTU_Demo.xml] has finished in [2,530] ms
25-Feb-2023 19:48:24.202 INFO [main] org.apache.catalina.startup.HostConfig.deployDirectory Deploying web application directory [C:\Program Files\Apache Software Foundation\Tomcat 9.0_TomcatVippro\webapps\docs]
25-Feb-2023 19:48:24.310 INFO [main] org.apache.catalina.startup.HostConfig.deployDirectory Deployment of web application directory [C:\Program Files\Apache Software Foundation\Tomcat 9.0_TomcatVippro\webapps\docs] has finished in [108] ms
25-Feb-2023 19:48:24.311 INFO [main] org.apache.catalina.startup.HostConfig.deployDirectory Deploying web application directory [C:\Program Files\Apache Software Foundation\Tomcat 9.0_TomcatVippro\webapps\manager]
25-Feb-2023 19:48:24.502 INFO [main] org.apache.catalina.startup.HostConfig.deployDirectory Deployment of web application directory [C:\Program Files\Apache Software Foundation\Tomcat 9.0_TomcatVippro\webapps\manager] has finished in [192] ms
25-Feb-2023 19:48:24.503 INFO [main] org.apache.catalina.startup.HostConfig.deployDirectory Deploying web application directory [C:\Program Files\Apache Software Foundation\Tomcat 9.0_TomcatVippro\webapps\ROOT]
25-Feb-2023 19:48:24.620 INFO [main] org.apache.catalina.startup.HostConfig.deployDirectory Deployment of web application directory [C:\Program Files\Apache Software Foundation\Tomcat 9.0_TomcatVippro\webapps\ROOT] has finished in [117] ms
25-Feb-2023 19:48:24.627 INFO [main] org.apache.coyote.AbstractProtocol.start Starting ProtocolHandler ["http-nio-8095"]
25-Feb-2023 19:48:24.801 INFO [main] org.apache.catalina.startup.Catalina.start Server startup in [4365] milliseconds
25-Feb-2023 19:48:33.760 INFO [http-nio-8095-exec-9] org.apache.catalina.core.StandardContext.reload Reloading Context with name [/Jsp_Servlet_FPTU_Demo] has started
25-Feb-2023 19:48:35.237 INFO [http-nio-8095-exec-9] org.apache.jasper.servlet.TldScanner.scanJars At least one JAR was scanned for TLDs yet contained no TLDs. Enable debug logging for this logger for a complete list of JARs that were scanned but no TLDs were found in them. Skipping unneeded JARs during scanning can improve startup time and JSP compilation time.
25-Feb-2023 19:48:35.356 INFO [http-nio-8095-exec-9] org.apache.catalina.core.StandardContext.reload Reloading Context with name [/Jsp_Servlet_FPTU_Demo] is completed
25-Feb-2023 20:11:54.990 SEVERE [main] org.apache.catalina.startup.Catalina.stopServer No shutdown port configured. Shut down server through OS signal. Server not shut down.
25-Feb-2023 20:12:03.034 INFO [http-nio-8095-exec-21] org.apache.jasper.servlet.TldScanner.scanJars At least one JAR was scanned for TLDs yet contained no TLDs. Enable debug logging for this logger for a complete list of JARs that were scanned but no TLDs were found in them. Skipping unneeded JARs during scanning can improve startup time and JSP compilation time.
25-Feb-2023 20:14:53.517 INFO [http-nio-8095-exec-24] org.apache.catalina.core.StandardContext.reload Reloading Context with name [/Jsp_Servlet_FPTU_Demo] has started
25-Feb-2023 20:14:55.420 INFO [http-nio-8095-exec-24] org.apache.jasper.servlet.TldScanner.scanJars At least one JAR was scanned for TLDs yet contained no TLDs. Enable debug logging for this logger for a complete list of JARs that were scanned but no TLDs were found in them. Skipping unneeded JARs during scanning can improve startup time and JSP compilation time.
25-Feb-2023 20:14:55.514 INFO [http-nio-8095-exec-24] org.apache.catalina.core.StandardContext.reload Reloading Context with name [/Jsp_Servlet_FPTU_Demo] is completed
25-Feb-2023 20:15:02.774 INFO [http-nio-8095-exec-29] org.apache.catalina.core.StandardContext.reload Reloading Context with name [/Jsp_Servlet_FPTU_Demo] has started
25-Feb-2023 20:15:04.468 INFO [http-nio-8095-exec-29] org.apache.jasper.servlet.TldScanner.scanJars At least one JAR was scanned for TLDs yet contained no TLDs. Enable debug logging for this logger for a complete list of JARs that were scanned but no TLDs were found in them. Skipping unneeded JARs during scanning can improve startup time and JSP compilation time.
25-Feb-2023 20:15:04.724 INFO [http-nio-8095-exec-29] org.apache.catalina.core.StandardContext.reload Reloading Context with name [/Jsp_Servlet_FPTU_Demo] is completed
25-Feb-2023 20:15:11.268 INFO [http-nio-8095-exec-22] org.apache.catalina.core.StandardContext.reload Reloading Context with name [/Jsp_Servlet_FPTU_Demo] has started
25-Feb-2023 20:15:12.700 INFO [http-nio-8095-exec-22] org.apache.jasper.servlet.TldScanner.scanJars At least one JAR was scanned for TLDs yet contained no TLDs. Enable debug logging for this logger for a complete list of JARs that were scanned but no TLDs were found in them. Skipping unneeded JARs during scanning can improve startup time and JSP compilation time.
25-Feb-2023 20:15:12.783 INFO [http-nio-8095-exec-22] org.apache.catalina.core.StandardContext.reload Reloading Context with name [/Jsp_Servlet_FPTU_Demo] is completed
25-Feb-2023 20:16:03.233 INFO [http-nio-8095-exec-30] org.apache.catalina.core.StandardContext.reload Reloading Context with name [/Jsp_Servlet_FPTU_Demo] has started
25-Feb-2023 20:16:04.822 INFO [http-nio-8095-exec-30] org.apache.jasper.servlet.TldScanner.scanJars At least one JAR was scanned for TLDs yet contained no TLDs. Enable debug logging for this logger for a complete list of JARs that were scanned but no TLDs were found in them. Skipping unneeded JARs during scanning can improve startup time and JSP compilation time.
25-Feb-2023 20:16:04.950 INFO [http-nio-8095-exec-30] org.apache.catalina.core.StandardContext.reload Reloading Context with name [/Jsp_Servlet_FPTU_Demo] is completed
25-Feb-2023 20:16:09.582 INFO [http-nio-8095-exec-36] org.apache.catalina.core.StandardContext.reload Reloading Context with name [/Jsp_Servlet_FPTU_Demo] has started
25-Feb-2023 20:16:10.927 INFO [http-nio-8095-exec-36] org.apache.jasper.servlet.TldScanner.scanJars At least one JAR was scanned for TLDs yet contained no TLDs. Enable debug logging for this logger for a complete list of JARs that were scanned but no TLDs were found in them. Skipping unneeded JARs during scanning can improve startup time and JSP compilation time.
25-Feb-2023 20:16:11.004 INFO [http-nio-8095-exec-36] org.apache.catalina.core.StandardContext.reload Reloading Context with name [/Jsp_Servlet_FPTU_Demo] is completed
25-Feb-2023 20:16:47.901 INFO [http-nio-8095-exec-26] org.apache.catalina.core.StandardContext.reload Reloading Context with name [/Jsp_Servlet_FPTU_Demo] has started
25-Feb-2023 20:16:49.377 INFO [http-nio-8095-exec-26] org.apache.jasper.servlet.TldScanner.scanJars At least one JAR was scanned for TLDs yet contained no TLDs. Enable debug logging for this logger for a complete list of JARs that were scanned but no TLDs were found in them. Skipping unneeded JARs during scanning can improve startup time and JSP compilation time.
25-Feb-2023 20:16:49.471 INFO [http-nio-8095-exec-26] org.apache.catalina.core.StandardContext.reload Reloading Context with name [/Jsp_Servlet_FPTU_Demo] is completed
25-Feb-2023 20:16:53.357 INFO [http-nio-8095-exec-45] org.apache.catalina.core.StandardContext.reload Reloading Context with name [/Jsp_Servlet_FPTU_Demo] has started
25-Feb-2023 20:16:54.500 INFO [http-nio-8095-exec-45] org.apache.jasper.servlet.TldScanner.scanJars At least one JAR was scanned for TLDs yet contained no TLDs. Enable debug logging for this logger for a complete list of JARs that were scanned but no TLDs were found in them. Skipping unneeded JARs during scanning can improve startup time and JSP compilation time.
25-Feb-2023 20:16:54.575 INFO [http-nio-8095-exec-45] org.apache.catalina.core.StandardContext.reload Reloading Context with name [/Jsp_Servlet_FPTU_Demo] is completed
25-Feb-2023 20:17:36.617 INFO [http-nio-8095-exec-51] org.apache.catalina.core.StandardContext.reload Reloading Context with name [/Jsp_Servlet_FPTU_Demo] has started
25-Feb-2023 20:17:37.854 INFO [http-nio-8095-exec-51] org.apache.jasper.servlet.TldScanner.scanJars At least one JAR was scanned for TLDs yet contained no TLDs. Enable debug logging for this logger for a complete list of JARs that were scanned but no TLDs were found in them. Skipping unneeded JARs during scanning can improve startup time and JSP compilation time.
25-Feb-2023 20:17:37.947 INFO [http-nio-8095-exec-51] org.apache.catalina.core.StandardContext.reload Reloading Context with name [/Jsp_Servlet_FPTU_Demo] is completed
25-Feb-2023 20:17:55.525 SEVERE [main] org.apache.catalina.startup.Catalina.stopServer No shutdown port configured. Shut down server through OS signal. Server not shut down.
25-Feb-2023 20:22:50.200 INFO [Catalina-utility-1] org.apache.catalina.startup.HostConfig.reload Reloading context [/Jsp_Servlet_FPTU_Demo]
25-Feb-2023 20:22:50.201 INFO [Catalina-utility-1] org.apache.catalina.core.StandardContext.reload Reloading Context with name [/Jsp_Servlet_FPTU_Demo] has started
25-Feb-2023 20:22:51.785 INFO [Catalina-utility-1] org.apache.jasper.servlet.TldScanner.scanJars At least one JAR was scanned for TLDs yet contained no TLDs. Enable debug logging for this logger for a complete list of JARs that were scanned but no TLDs were found in them. Skipping unneeded JARs during scanning can improve startup time and JSP compilation time.
25-Feb-2023 20:22:51.874 INFO [Catalina-utility-1] org.apache.catalina.core.StandardContext.reload Reloading Context with name [/Jsp_Servlet_FPTU_Demo] is completed
25-Feb-2023 20:30:37.222 INFO [Catalina-utility-2] org.apache.catalina.startup.HostConfig.reload Reloading context [/Jsp_Servlet_FPTU_Demo]
25-Feb-2023 20:30:37.222 INFO [Catalina-utility-2] org.apache.catalina.core.StandardContext.reload Reloading Context with name [/Jsp_Servlet_FPTU_Demo] has started
25-Feb-2023 20:30:38.660 INFO [Catalina-utility-2] org.apache.jasper.servlet.TldScanner.scanJars At least one JAR was scanned for TLDs yet contained no TLDs. Enable debug logging for this logger for a complete list of JARs that were scanned but no TLDs were found in them. Skipping unneeded JARs during scanning can improve startup time and JSP compilation time.
25-Feb-2023 20:30:38.861 INFO [Catalina-utility-2] org.apache.catalina.core.StandardContext.reload Reloading Context with name [/Jsp_Servlet_FPTU_Demo] is completed
25-Feb-2023 20:36:10.009 INFO [http-nio-8095-exec-67] org.apache.catalina.core.StandardContext.reload Reloading Context with name [/Jsp_Servlet_FPTU_Demo] has started
25-Feb-2023 20:36:13.478 INFO [http-nio-8095-exec-67] org.apache.jasper.servlet.TldScanner.scanJars At least one JAR was scanned for TLDs yet contained no TLDs. Enable debug logging for this logger for a complete list of JARs that were scanned but no TLDs were found in them. Skipping unneeded JARs during scanning can improve startup time and JSP compilation time.
25-Feb-2023 20:36:13.709 INFO [http-nio-8095-exec-67] org.apache.catalina.core.StandardContext.reload Reloading Context with name [/Jsp_Servlet_FPTU_Demo] is completed
25-Feb-2023 20:36:15.310 INFO [http-nio-8095-exec-81] org.apache.catalina.startup.HostConfig.undeploy Undeploying context [/Jsp_Servlet_FPTU_Demo]
25-Feb-2023 20:36:15.382 INFO [http-nio-8095-exec-74] org.apache.catalina.startup.HostConfig.deployDescriptor Deploying deployment descriptor [C:\Program Files\Apache Software Foundation\Tomcat 9.0_TomcatVippro\conf\Catalina\localhost\Jsp_Servlet_FPTU_Demo.xml]
25-Feb-2023 20:36:15.385 WARNING [http-nio-8095-exec-74] org.apache.catalina.startup.HostConfig.deployDescriptor The path attribute with value [/Jsp_Servlet_FPTU_Demo] in deployment descriptor [C:\Program Files\Apache Software Foundation\Tomcat 9.0_TomcatVippro\conf\Catalina\localhost\Jsp_Servlet_FPTU_Demo.xml] has been ignored
25-Feb-2023 20:36:17.250 INFO [http-nio-8095-exec-74] org.apache.jasper.servlet.TldScanner.scanJars At least one JAR was scanned for TLDs yet contained no TLDs. Enable debug logging for this logger for a complete list of JARs that were scanned but no TLDs were found in them. Skipping unneeded JARs during scanning can improve startup time and JSP compilation time.
25-Feb-2023 20:36:17.341 INFO [http-nio-8095-exec-74] org.apache.catalina.startup.HostConfig.deployDescriptor Deployment of deployment descriptor [C:\Program Files\Apache Software Foundation\Tomcat 9.0_TomcatVippro\conf\Catalina\localhost\Jsp_Servlet_FPTU_Demo.xml] has finished in [1,958] ms
25-Feb-2023 20:38:23.590 SEVERE [main] org.apache.catalina.startup.Catalina.stopServer No shutdown port configured. Shut down server through OS signal. Server not shut down.
25-Feb-2023 20:39:04.889 INFO [http-nio-8095-exec-88] org.apache.jasper.servlet.TldScanner.scanJars At least one JAR was scanned for TLDs yet contained no TLDs. Enable debug logging for this logger for a complete list of JARs that were scanned but no TLDs were found in them. Skipping unneeded JARs during scanning can improve startup time and JSP compilation time.
25-Feb-2023 20:40:13.477 SEVERE [main] org.apache.catalina.startup.Catalina.stopServer No shutdown port configured. Shut down server through OS signal. Server not shut down.
25-Feb-2023 20:40:22.478 INFO [http-nio-8095-exec-94] org.apache.catalina.core.StandardContext.reload Reloading Context with name [/Jsp_Servlet_FPTU_Demo] has started
25-Feb-2023 20:40:23.961 INFO [http-nio-8095-exec-94] org.apache.jasper.servlet.TldScanner.scanJars At least one JAR was scanned for TLDs yet contained no TLDs. Enable debug logging for this logger for a complete list of JARs that were scanned but no TLDs were found in them. Skipping unneeded JARs during scanning can improve startup time and JSP compilation time.
25-Feb-2023 20:40:24.043 INFO [http-nio-8095-exec-94] org.apache.catalina.core.StandardContext.reload Reloading Context with name [/Jsp_Servlet_FPTU_Demo] is completed
