29-Jan-2023 20:21:53.440 INFO [main] org.apache.catalina.startup.VersionLoggerListener.log Server version name:   Apache Tomcat/9.0.69
29-Jan-2023 20:21:53.446 INFO [main] org.apache.catalina.startup.VersionLoggerListener.log Server built:          Nov 9 2022 18:43:47 UTC
29-Jan-2023 20:21:53.447 INFO [main] org.apache.catalina.startup.VersionLoggerListener.log Server version number: 9.0.69.0
29-Jan-2023 20:21:53.447 INFO [main] org.apache.catalina.startup.VersionLoggerListener.log OS Name:               Windows 10
29-Jan-2023 20:21:53.447 INFO [main] org.apache.catalina.startup.VersionLoggerListener.log OS Version:            10.0
29-Jan-2023 20:21:53.448 INFO [main] org.apache.catalina.startup.VersionLoggerListener.log Architecture:          amd64
29-Jan-2023 20:21:53.448 INFO [main] org.apache.catalina.startup.VersionLoggerListener.log Java Home:             C:\Program Files\Java\jdk-18
29-Jan-2023 20:21:53.448 INFO [main] org.apache.catalina.startup.VersionLoggerListener.log JVM Version:           18+36-2087
29-Jan-2023 20:21:53.448 INFO [main] org.apache.catalina.startup.VersionLoggerListener.log JVM Vendor:            Oracle Corporation
29-Jan-2023 20:21:53.449 INFO [main] org.apache.catalina.startup.VersionLoggerListener.log CATALINA_BASE:         C:\Program Files\Apache Software Foundation\Tomcat 9.0_TomcatVippro
29-Jan-2023 20:21:53.449 INFO [main] org.apache.catalina.startup.VersionLoggerListener.log CATALINA_HOME:         C:\Program Files\Apache Software Foundation\Tomcat 9.0_TomcatVippro
29-Jan-2023 20:21:53.467 INFO [main] org.apache.catalina.startup.VersionLoggerListener.log Command line argument: --add-opens=java.base/java.lang=ALL-UNNAMED
29-Jan-2023 20:21:53.468 INFO [main] org.apache.catalina.startup.VersionLoggerListener.log Command line argument: --add-opens=java.base/java.io=ALL-UNNAMED
29-Jan-2023 20:21:53.468 INFO [main] org.apache.catalina.startup.VersionLoggerListener.log Command line argument: --add-opens=java.base/java.util=ALL-UNNAMED
29-Jan-2023 20:21:53.468 INFO [main] org.apache.catalina.startup.VersionLoggerListener.log Command line argument: --add-opens=java.base/java.util.concurrent=ALL-UNNAMED
29-Jan-2023 20:21:53.470 INFO [main] org.apache.catalina.startup.VersionLoggerListener.log Command line argument: --add-opens=java.rmi/sun.rmi.transport=ALL-UNNAMED
29-Jan-2023 20:21:53.470 INFO [main] org.apache.catalina.startup.VersionLoggerListener.log Command line argument: -Djava.util.logging.config.file=C:\Program Files\Apache Software Foundation\Tomcat 9.0_TomcatVippro\conf\logging.properties
29-Jan-2023 20:21:53.470 INFO [main] org.apache.catalina.startup.VersionLoggerListener.log Command line argument: -Djava.util.logging.manager=org.apache.juli.ClassLoaderLogManager
29-Jan-2023 20:21:53.470 INFO [main] org.apache.catalina.startup.VersionLoggerListener.log Command line argument: -Dhttp.nonProxyHosts=localhost|127.0.0.1|DESKTOP-0748AC0
29-Jan-2023 20:21:53.470 INFO [main] org.apache.catalina.startup.VersionLoggerListener.log Command line argument: -Djdk.tls.ephemeralDHKeySize=2048
29-Jan-2023 20:21:53.471 INFO [main] org.apache.catalina.startup.VersionLoggerListener.log Command line argument: -Djava.protocol.handler.pkgs=org.apache.catalina.webresources
29-Jan-2023 20:21:53.471 INFO [main] org.apache.catalina.startup.VersionLoggerListener.log Command line argument: -Dignore.endorsed.dirs=
29-Jan-2023 20:21:53.471 INFO [main] org.apache.catalina.startup.VersionLoggerListener.log Command line argument: -Dcatalina.base=C:\Program Files\Apache Software Foundation\Tomcat 9.0_TomcatVippro
29-Jan-2023 20:21:53.471 INFO [main] org.apache.catalina.startup.VersionLoggerListener.log Command line argument: -Dcatalina.home=C:\Program Files\Apache Software Foundation\Tomcat 9.0_TomcatVippro
29-Jan-2023 20:21:53.471 INFO [main] org.apache.catalina.startup.VersionLoggerListener.log Command line argument: -Djava.io.tmpdir=C:\Program Files\Apache Software Foundation\Tomcat 9.0_TomcatVippro\temp
29-Jan-2023 20:21:53.493 INFO [main] org.apache.catalina.core.AprLifecycleListener.lifecycleEvent The Apache Tomcat Native library which allows using OpenSSL was not found on the java.library.path: [C:\Program Files\Java\jdk-18\bin;C:\WINDOWS\Sun\Java\bin;C:\WINDOWS\system32;C:\WINDOWS;C:\ProgramData\Oracle\Java\javapath;C:\Program Files (x86)\VMware\VMware Workstation\bin\;C:\Program Files\Common Files\Oracle\Java\javapath;C:\Program Files (x86)\Common Files\Oracle\Java\javapath;C:\WINDOWS\system32;C:\WINDOWS;C:\WINDOWS\System32\Wbem;C:\WINDOWS\System32\WindowsPowerShell\v1.0\;C:\WINDOWS\System32\OpenSSH\;C:\MinGW\bin;C:\Program Files\Azure Data Studio\bin;C:\Program Files\Java\jre1.8.0_321\bin;C:\Program Files\nodejs\;C:\Program Files\Git\cmd;C:\Program Files\Java\jdk1.8.0_321\bin;C:\Program Files\Microsoft SQL Server\Client SDK\ODBC\170\Tools\Binn\;C:\Program Files (x86)\Microsoft SQL Server\150\Tools\Binn\;C:\Program Files\Microsoft SQL Server\150\Tools\Binn\;C:\Program Files\Microsoft SQL Server\150\DTS\Binn\;C:\Program Files (x86)\Microsoft SQL Server\150\DTS\Binn\;C:\Program Files\Java\jdk1.8.0_321\bin;C:\Users\PC\AppData\Local\Programs\Microsoft VS Code\bin;C:\Users\PC\AppData\Roaming\npm;.]
29-Jan-2023 20:21:54.329 INFO [main] org.apache.coyote.AbstractProtocol.init Initializing ProtocolHandler ["http-nio-8095"]
29-Jan-2023 20:21:54.475 INFO [main] org.apache.catalina.startup.Catalina.load Server initialization in [1442] milliseconds
29-Jan-2023 20:21:54.639 INFO [main] org.apache.catalina.core.StandardService.startInternal Starting service [Catalina]
29-Jan-2023 20:21:54.640 INFO [main] org.apache.catalina.core.StandardEngine.startInternal Starting Servlet engine: [Apache Tomcat/9.0.69]
29-Jan-2023 20:21:54.657 INFO [main] org.apache.catalina.startup.HostConfig.deployDirectory Deploying web application directory [C:\Program Files\Apache Software Foundation\Tomcat 9.0_TomcatVippro\webapps\docs]
29-Jan-2023 20:21:55.278 INFO [main] org.apache.catalina.startup.HostConfig.deployDirectory Deployment of web application directory [C:\Program Files\Apache Software Foundation\Tomcat 9.0_TomcatVippro\webapps\docs] has finished in [620] ms
29-Jan-2023 20:21:55.279 INFO [main] org.apache.catalina.startup.HostConfig.deployDirectory Deploying web application directory [C:\Program Files\Apache Software Foundation\Tomcat 9.0_TomcatVippro\webapps\manager]
29-Jan-2023 20:21:55.424 INFO [main] org.apache.catalina.startup.HostConfig.deployDirectory Deployment of web application directory [C:\Program Files\Apache Software Foundation\Tomcat 9.0_TomcatVippro\webapps\manager] has finished in [144] ms
29-Jan-2023 20:21:55.424 INFO [main] org.apache.catalina.startup.HostConfig.deployDirectory Deploying web application directory [C:\Program Files\Apache Software Foundation\Tomcat 9.0_TomcatVippro\webapps\ROOT]
29-Jan-2023 20:21:55.508 INFO [main] org.apache.catalina.startup.HostConfig.deployDirectory Deployment of web application directory [C:\Program Files\Apache Software Foundation\Tomcat 9.0_TomcatVippro\webapps\ROOT] has finished in [84] ms
29-Jan-2023 20:21:55.514 INFO [main] org.apache.coyote.AbstractProtocol.start Starting ProtocolHandler ["http-nio-8095"]
29-Jan-2023 20:21:55.586 INFO [main] org.apache.catalina.startup.Catalina.start Server startup in [1106] milliseconds
29-Jan-2023 20:22:08.330 INFO [http-nio-8095-exec-7] org.apache.catalina.startup.HostConfig.deployDescriptor Deploying deployment descriptor [C:\Program Files\Apache Software Foundation\Tomcat 9.0_TomcatVippro\conf\Catalina\localhost\ImageTest.xml]
29-Jan-2023 20:22:08.333 WARNING [http-nio-8095-exec-7] org.apache.catalina.startup.HostConfig.deployDescriptor The path attribute with value [/ImageTest] in deployment descriptor [C:\Program Files\Apache Software Foundation\Tomcat 9.0_TomcatVippro\conf\Catalina\localhost\ImageTest.xml] has been ignored
29-Jan-2023 20:22:08.489 INFO [http-nio-8095-exec-7] org.apache.catalina.startup.HostConfig.deployDescriptor Deployment of deployment descriptor [C:\Program Files\Apache Software Foundation\Tomcat 9.0_TomcatVippro\conf\Catalina\localhost\ImageTest.xml] has finished in [160] ms
29-Jan-2023 20:22:08.496 INFO [http-nio-8095-exec-8] org.apache.catalina.util.LifecycleBase.start The start() method was called on component [StandardEngine[Catalina].StandardHost[localhost].StandardContext[/ImageTest]] after start() had already been called. The second call will be ignored.
29-Jan-2023 20:27:40.404 SEVERE [main] org.apache.catalina.startup.Catalina.stopServer No shutdown port configured. Shut down server through OS signal. Server not shut down.
