24-Feb-2023 12:46:03.053 INFO [http-nio-8095-exec-5] org.apache.catalina.core.ApplicationContext.log Manager: init: Associated with Deployer 'Catalina:type=Deployer,host=localhost'
24-Feb-2023 12:46:03.053 INFO [http-nio-8095-exec-5] org.apache.catalina.core.ApplicationContext.log Manager: init: Global resources are available
24-Feb-2023 12:46:03.102 INFO [http-nio-8095-exec-5] org.apache.catalina.core.ApplicationContext.log Manager: list: Listing contexts for virtual host 'localhost'
24-Feb-2023 12:46:03.140 INFO [http-nio-8095-exec-9] org.apache.catalina.core.ApplicationContext.log Manager: list: Listing contexts for virtual host 'localhost'
24-Feb-2023 12:46:03.161 INFO [http-nio-8095-exec-10] org.apache.catalina.core.ApplicationContext.log Manager: install: Installing context configuration at 'file:/C:/Users/PC/AppData/Local/Temp/context17398758398844464175.xml'
24-Feb-2023 12:46:03.259 INFO [http-nio-8095-exec-1] org.apache.catalina.core.ApplicationContext.log Manager: start: Starting web application '/ExpressLanguage'
24-Feb-2023 12:49:36.293 INFO [http-nio-8095-exec-8] org.apache.catalina.core.ApplicationContext.log Manager: list: Listing contexts for virtual host 'localhost'
24-Feb-2023 12:49:36.919 INFO [http-nio-8095-exec-6] org.apache.catalina.core.ApplicationContext.log Manager: list: Listing contexts for virtual host 'localhost'
24-Feb-2023 12:49:36.924 INFO [http-nio-8095-exec-1] org.apache.catalina.core.ApplicationContext.log Manager: list: Listing contexts for virtual host 'localhost'
24-Feb-2023 12:50:27.367 INFO [http-nio-8095-exec-6] org.apache.catalina.core.ApplicationContext.log Manager: list: Listing contexts for virtual host 'localhost'
24-Feb-2023 12:50:39.393 INFO [http-nio-8095-exec-7] org.apache.catalina.core.ApplicationContext.log Manager: list: Listing contexts for virtual host 'localhost'
24-Feb-2023 12:50:51.869 INFO [http-nio-8095-exec-3] org.apache.catalina.core.ApplicationContext.log Manager: list: Listing contexts for virtual host 'localhost'
24-Feb-2023 12:51:45.373 INFO [http-nio-8095-exec-1] org.apache.catalina.core.ApplicationContext.log Manager: list: Listing contexts for virtual host 'localhost'
24-Feb-2023 12:52:12.055 INFO [http-nio-8095-exec-6] org.apache.catalina.core.ApplicationContext.log Manager: list: Listing contexts for virtual host 'localhost'
24-Feb-2023 12:52:47.741 INFO [http-nio-8095-exec-2] org.apache.catalina.core.ApplicationContext.log Manager: list: Listing contexts for virtual host 'localhost'
24-Feb-2023 12:53:00.675 INFO [http-nio-8095-exec-9] org.apache.catalina.core.ApplicationContext.log Manager: list: Listing contexts for virtual host 'localhost'
24-Feb-2023 12:53:18.254 INFO [http-nio-8095-exec-4] org.apache.catalina.core.ApplicationContext.log Manager: list: Listing contexts for virtual host 'localhost'
24-Feb-2023 12:53:30.565 INFO [http-nio-8095-exec-4] org.apache.catalina.core.ApplicationContext.log Manager: list: Listing contexts for virtual host 'localhost'
24-Feb-2023 12:54:05.581 INFO [http-nio-8095-exec-5] org.apache.catalina.core.ApplicationContext.log Manager: list: Listing contexts for virtual host 'localhost'
24-Feb-2023 12:54:23.077 INFO [http-nio-8095-exec-5] org.apache.catalina.core.ApplicationContext.log Manager: list: Listing contexts for virtual host 'localhost'
24-Feb-2023 12:54:37.037 INFO [http-nio-8095-exec-10] org.apache.catalina.core.ApplicationContext.log Manager: list: Listing contexts for virtual host 'localhost'
24-Feb-2023 12:56:14.210 INFO [http-nio-8095-exec-4] org.apache.catalina.core.ApplicationContext.log Manager: list: Listing contexts for virtual host 'localhost'
24-Feb-2023 12:56:33.226 INFO [http-nio-8095-exec-1] org.apache.catalina.core.ApplicationContext.log Manager: list: Listing contexts for virtual host 'localhost'
24-Feb-2023 12:56:37.578 INFO [http-nio-8095-exec-2] org.apache.catalina.core.ApplicationContext.log Manager: list: Listing contexts for virtual host 'localhost'
24-Feb-2023 12:59:18.298 INFO [http-nio-8095-exec-6] org.apache.catalina.core.ApplicationContext.log Manager: list: Listing contexts for virtual host 'localhost'
24-Feb-2023 12:59:50.776 INFO [http-nio-8095-exec-4] org.apache.catalina.core.ApplicationContext.log Manager: list: Listing contexts for virtual host 'localhost'
24-Feb-2023 12:59:57.361 INFO [http-nio-8095-exec-2] org.apache.catalina.core.ApplicationContext.log Manager: list: Listing contexts for virtual host 'localhost'
24-Feb-2023 13:01:29.134 INFO [http-nio-8095-exec-1] org.apache.catalina.core.ApplicationContext.log Manager: list: Listing contexts for virtual host 'localhost'
24-Feb-2023 13:02:43.578 INFO [http-nio-8095-exec-5] org.apache.catalina.core.ApplicationContext.log Manager: list: Listing contexts for virtual host 'localhost'
24-Feb-2023 13:03:04.956 INFO [http-nio-8095-exec-1] org.apache.catalina.core.ApplicationContext.log Manager: list: Listing contexts for virtual host 'localhost'
24-Feb-2023 13:03:08.045 INFO [http-nio-8095-exec-6] org.apache.catalina.core.ApplicationContext.log Manager: list: Listing contexts for virtual host 'localhost'
24-Feb-2023 13:03:13.631 INFO [http-nio-8095-exec-9] org.apache.catalina.core.ApplicationContext.log Manager: list: Listing contexts for virtual host 'localhost'
24-Feb-2023 13:04:59.149 INFO [http-nio-8095-exec-10] org.apache.catalina.core.ApplicationContext.log Manager: list: Listing contexts for virtual host 'localhost'
24-Feb-2023 13:05:09.879 INFO [http-nio-8095-exec-6] org.apache.catalina.core.ApplicationContext.log Manager: list: Listing contexts for virtual host 'localhost'
24-Feb-2023 13:06:03.307 INFO [http-nio-8095-exec-5] org.apache.catalina.core.ApplicationContext.log Manager: list: Listing contexts for virtual host 'localhost'
24-Feb-2023 13:06:21.626 INFO [http-nio-8095-exec-2] org.apache.catalina.core.ApplicationContext.log Manager: list: Listing contexts for virtual host 'localhost'
24-Feb-2023 13:06:32.730 INFO [http-nio-8095-exec-10] org.apache.catalina.core.ApplicationContext.log Manager: list: Listing contexts for virtual host 'localhost'
24-Feb-2023 13:06:36.592 INFO [http-nio-8095-exec-5] org.apache.catalina.core.ApplicationContext.log Manager: list: Listing contexts for virtual host 'localhost'
24-Feb-2023 13:14:01.132 INFO [http-nio-8095-exec-8] org.apache.catalina.core.ApplicationContext.log Manager: list: Listing contexts for virtual host 'localhost'
24-Feb-2023 13:16:42.655 INFO [http-nio-8095-exec-6] org.apache.catalina.core.ApplicationContext.log Manager: list: Listing contexts for virtual host 'localhost'
24-Feb-2023 13:17:05.484 INFO [http-nio-8095-exec-7] org.apache.catalina.core.ApplicationContext.log Manager: list: Listing contexts for virtual host 'localhost'
24-Feb-2023 13:17:53.803 INFO [http-nio-8095-exec-1] org.apache.catalina.core.ApplicationContext.log Manager: list: Listing contexts for virtual host 'localhost'
24-Feb-2023 13:19:33.223 INFO [http-nio-8095-exec-1] org.apache.catalina.core.ApplicationContext.log Manager: list: Listing contexts for virtual host 'localhost'
24-Feb-2023 13:19:43.436 INFO [http-nio-8095-exec-8] org.apache.catalina.core.ApplicationContext.log Manager: list: Listing contexts for virtual host 'localhost'
24-Feb-2023 13:19:57.011 INFO [http-nio-8095-exec-5] org.apache.catalina.core.ApplicationContext.log Manager: list: Listing contexts for virtual host 'localhost'
24-Feb-2023 13:20:10.963 INFO [http-nio-8095-exec-6] org.apache.catalina.core.ApplicationContext.log Manager: list: Listing contexts for virtual host 'localhost'
24-Feb-2023 13:20:24.085 INFO [http-nio-8095-exec-7] org.apache.catalina.core.ApplicationContext.log Manager: list: Listing contexts for virtual host 'localhost'
24-Feb-2023 13:20:35.656 INFO [http-nio-8095-exec-4] org.apache.catalina.core.ApplicationContext.log Manager: list: Listing contexts for virtual host 'localhost'
24-Feb-2023 13:24:24.061 INFO [http-nio-8095-exec-4] org.apache.catalina.core.ApplicationContext.log Manager: list: Listing contexts for virtual host 'localhost'
24-Feb-2023 13:24:33.702 INFO [http-nio-8095-exec-9] org.apache.catalina.core.ApplicationContext.log Manager: list: Listing contexts for virtual host 'localhost'
24-Feb-2023 13:24:40.352 INFO [http-nio-8095-exec-2] org.apache.catalina.core.ApplicationContext.log Manager: list: Listing contexts for virtual host 'localhost'
24-Feb-2023 13:24:43.529 INFO [http-nio-8095-exec-10] org.apache.catalina.core.ApplicationContext.log Manager: list: Listing contexts for virtual host 'localhost'
24-Feb-2023 13:24:48.228 INFO [http-nio-8095-exec-10] org.apache.catalina.core.ApplicationContext.log Manager: list: Listing contexts for virtual host 'localhost'
24-Feb-2023 13:26:06.529 INFO [http-nio-8095-exec-3] org.apache.catalina.core.ApplicationContext.log Manager: list: Listing contexts for virtual host 'localhost'
24-Feb-2023 13:28:08.721 INFO [http-nio-8095-exec-3] org.apache.catalina.core.ApplicationContext.log Manager: list: Listing contexts for virtual host 'localhost'
24-Feb-2023 13:28:08.734 INFO [http-nio-8095-exec-1] org.apache.catalina.core.ApplicationContext.log Manager: restart: Reloading web application '/Jsp_Servlet_FPTU_Demo'
24-Feb-2023 13:28:18.794 INFO [http-nio-8095-exec-4] org.apache.catalina.core.ApplicationContext.log Manager: list: Listing contexts for virtual host 'localhost'
24-Feb-2023 13:28:18.798 INFO [http-nio-8095-exec-6] org.apache.catalina.core.ApplicationContext.log Manager: list: Listing contexts for virtual host 'localhost'
24-Feb-2023 13:28:18.988 INFO [http-nio-8095-exec-3] org.apache.catalina.core.ApplicationContext.log Manager: stop: Stopping web application '/Jsp_Servlet_FPTU_Demo'
24-Feb-2023 13:28:18.997 INFO [http-nio-8095-exec-10] org.apache.catalina.core.ApplicationContext.log Manager: start: Starting web application '/Jsp_Servlet_FPTU_Demo'
24-Feb-2023 13:29:18.890 INFO [http-nio-8095-exec-16] org.apache.catalina.core.ApplicationContext.log Manager: list: Listing contexts for virtual host 'localhost'
24-Feb-2023 15:01:46.332 INFO [http-nio-8095-exec-17] org.apache.catalina.core.ApplicationContext.log Manager: list: Listing contexts for virtual host 'localhost'
24-Feb-2023 15:01:46.377 INFO [http-nio-8095-exec-13] org.apache.catalina.core.ApplicationContext.log Manager: restart: Reloading web application '/Jsp_Servlet_FPTU_Demo'
24-Feb-2023 15:01:49.436 INFO [http-nio-8095-exec-16] org.apache.catalina.core.ApplicationContext.log Manager: list: Listing contexts for virtual host 'localhost'
24-Feb-2023 15:01:49.502 INFO [http-nio-8095-exec-15] org.apache.catalina.core.ApplicationContext.log Manager: restart: Reloading web application '/Jsp_Servlet_FPTU_Demo'
24-Feb-2023 15:01:54.574 INFO [http-nio-8095-exec-19] org.apache.catalina.core.ApplicationContext.log Manager: list: Listing contexts for virtual host 'localhost'
24-Feb-2023 15:01:54.583 INFO [http-nio-8095-exec-18] org.apache.catalina.core.ApplicationContext.log Manager: restart: Reloading web application '/Jsp_Servlet_FPTU_Demo'
24-Feb-2023 15:02:51.677 INFO [http-nio-8095-exec-19] org.apache.catalina.core.ApplicationContext.log Manager: list: Listing contexts for virtual host 'localhost'
24-Feb-2023 15:02:51.712 INFO [http-nio-8095-exec-20] org.apache.catalina.core.ApplicationContext.log Manager: restart: Reloading web application '/Jsp_Servlet_FPTU_Demo'
24-Feb-2023 15:02:59.554 INFO [http-nio-8095-exec-19] org.apache.catalina.core.ApplicationContext.log Manager: list: Listing contexts for virtual host 'localhost'
24-Feb-2023 15:02:59.563 INFO [http-nio-8095-exec-28] org.apache.catalina.core.ApplicationContext.log Manager: list: Listing contexts for virtual host 'localhost'
24-Feb-2023 15:02:59.729 INFO [http-nio-8095-exec-22] org.apache.catalina.core.ApplicationContext.log Manager: restart: Reloading web application '/Jsp_Servlet_FPTU_Demo'
24-Feb-2023 15:03:39.412 INFO [http-nio-8095-exec-29] org.apache.catalina.core.ApplicationContext.log Manager: list: Listing contexts for virtual host 'localhost'
24-Feb-2023 15:03:40.043 INFO [http-nio-8095-exec-30] org.apache.catalina.core.ApplicationContext.log Manager: list: Listing contexts for virtual host 'localhost'
24-Feb-2023 15:03:59.574 INFO [http-nio-8095-exec-31] org.apache.catalina.core.ApplicationContext.log Manager: list: Listing contexts for virtual host 'localhost'
24-Feb-2023 15:03:59.658 INFO [http-nio-8095-exec-26] org.apache.catalina.core.ApplicationContext.log Manager: list: Listing contexts for virtual host 'localhost'
24-Feb-2023 15:04:30.199 INFO [http-nio-8095-exec-32] org.apache.catalina.core.ApplicationContext.log Manager: list: Listing contexts for virtual host 'localhost'
24-Feb-2023 15:05:37.125 INFO [http-nio-8095-exec-30] org.apache.catalina.core.ApplicationContext.log Manager: list: Listing contexts for virtual host 'localhost'
24-Feb-2023 15:06:00.127 INFO [http-nio-8095-exec-37] org.apache.catalina.core.ApplicationContext.log Manager: list: Listing contexts for virtual host 'localhost'
24-Feb-2023 15:06:43.117 INFO [http-nio-8095-exec-30] org.apache.catalina.core.ApplicationContext.log Manager: list: Listing contexts for virtual host 'localhost'
24-Feb-2023 15:06:43.124 INFO [http-nio-8095-exec-38] org.apache.catalina.core.ApplicationContext.log Manager: restart: Reloading web application '/Jsp_Servlet_FPTU_Demo'
24-Feb-2023 15:07:45.458 INFO [http-nio-8095-exec-31] org.apache.catalina.core.ApplicationContext.log Manager: list: Listing contexts for virtual host 'localhost'
24-Feb-2023 15:07:45.465 INFO [http-nio-8095-exec-30] org.apache.catalina.core.ApplicationContext.log Manager: restart: Reloading web application '/Jsp_Servlet_FPTU_Demo'
24-Feb-2023 15:10:24.256 INFO [http-nio-8095-exec-44] org.apache.catalina.core.ApplicationContext.log Manager: list: Listing contexts for virtual host 'localhost'
24-Feb-2023 15:10:24.275 INFO [http-nio-8095-exec-32] org.apache.catalina.core.ApplicationContext.log Manager: restart: Reloading web application '/Jsp_Servlet_FPTU_Demo'
24-Feb-2023 15:10:33.580 INFO [http-nio-8095-exec-46] org.apache.catalina.core.ApplicationContext.log Manager: list: Listing contexts for virtual host 'localhost'
24-Feb-2023 15:10:33.587 INFO [http-nio-8095-exec-42] org.apache.catalina.core.ApplicationContext.log Manager: restart: Reloading web application '/Jsp_Servlet_FPTU_Demo'
24-Feb-2023 15:11:09.497 INFO [http-nio-8095-exec-48] org.apache.catalina.core.ApplicationContext.log Manager: list: Listing contexts for virtual host 'localhost'
24-Feb-2023 15:11:09.824 INFO [http-nio-8095-exec-45] org.apache.catalina.core.ApplicationContext.log Manager: list: Listing contexts for virtual host 'localhost'
24-Feb-2023 15:11:28.617 INFO [http-nio-8095-exec-48] org.apache.catalina.core.ApplicationContext.log Manager: list: Listing contexts for virtual host 'localhost'
24-Feb-2023 15:11:40.366 INFO [http-nio-8095-exec-47] org.apache.catalina.core.ApplicationContext.log Manager: list: Listing contexts for virtual host 'localhost'
24-Feb-2023 15:14:39.077 INFO [http-nio-8095-exec-51] org.apache.catalina.core.ApplicationContext.log Manager: list: Listing contexts for virtual host 'localhost'
24-Feb-2023 15:15:21.565 INFO [http-nio-8095-exec-51] org.apache.catalina.core.ApplicationContext.log Manager: list: Listing contexts for virtual host 'localhost'
24-Feb-2023 15:16:11.839 INFO [http-nio-8095-exec-55] org.apache.catalina.core.ApplicationContext.log Manager: list: Listing contexts for virtual host 'localhost'
24-Feb-2023 15:16:31.611 INFO [http-nio-8095-exec-52] org.apache.catalina.core.ApplicationContext.log Manager: list: Listing contexts for virtual host 'localhost'
24-Feb-2023 15:16:56.219 INFO [http-nio-8095-exec-52] org.apache.catalina.core.ApplicationContext.log Manager: list: Listing contexts for virtual host 'localhost'
24-Feb-2023 15:17:14.692 INFO [http-nio-8095-exec-58] org.apache.catalina.core.ApplicationContext.log Manager: list: Listing contexts for virtual host 'localhost'
24-Feb-2023 15:17:47.896 INFO [http-nio-8095-exec-51] org.apache.catalina.core.ApplicationContext.log Manager: list: Listing contexts for virtual host 'localhost'
24-Feb-2023 15:18:25.226 INFO [http-nio-8095-exec-56] org.apache.catalina.core.ApplicationContext.log Manager: list: Listing contexts for virtual host 'localhost'
24-Feb-2023 15:21:45.857 INFO [http-nio-8095-exec-53] org.apache.catalina.core.ApplicationContext.log Manager: list: Listing contexts for virtual host 'localhost'
24-Feb-2023 15:23:00.915 INFO [http-nio-8095-exec-59] org.apache.catalina.core.ApplicationContext.log Manager: list: Listing contexts for virtual host 'localhost'
24-Feb-2023 15:24:36.102 INFO [http-nio-8095-exec-54] org.apache.catalina.core.ApplicationContext.log Manager: list: Listing contexts for virtual host 'localhost'
24-Feb-2023 15:27:06.714 INFO [http-nio-8095-exec-55] org.apache.catalina.core.ApplicationContext.log Manager: list: Listing contexts for virtual host 'localhost'
24-Feb-2023 15:27:06.722 INFO [http-nio-8095-exec-56] org.apache.catalina.core.ApplicationContext.log Manager: restart: Reloading web application '/Jsp_Servlet_FPTU_Demo'
24-Feb-2023 15:27:32.771 INFO [http-nio-8095-exec-59] org.apache.catalina.core.ApplicationContext.log Manager: list: Listing contexts for virtual host 'localhost'
24-Feb-2023 15:28:36.744 INFO [http-nio-8095-exec-62] org.apache.catalina.core.ApplicationContext.log Manager: list: Listing contexts for virtual host 'localhost'
24-Feb-2023 15:28:36.750 INFO [http-nio-8095-exec-64] org.apache.catalina.core.ApplicationContext.log Manager: restart: Reloading web application '/Jsp_Servlet_FPTU_Demo'
24-Feb-2023 15:28:38.620 INFO [http-nio-8095-exec-63] org.apache.catalina.core.ApplicationContext.log Manager: list: Listing contexts for virtual host 'localhost'
24-Feb-2023 15:28:38.626 INFO [http-nio-8095-exec-60] org.apache.catalina.core.ApplicationContext.log Manager: restart: Reloading web application '/Jsp_Servlet_FPTU_Demo'
24-Feb-2023 15:30:01.730 INFO [http-nio-8095-exec-69] org.apache.catalina.core.ApplicationContext.log Manager: list: Listing contexts for virtual host 'localhost'
24-Feb-2023 15:30:01.737 INFO [http-nio-8095-exec-70] org.apache.catalina.core.ApplicationContext.log Manager: restart: Reloading web application '/Jsp_Servlet_FPTU_Demo'
24-Feb-2023 15:30:27.455 INFO [http-nio-8095-exec-77] org.apache.catalina.core.ApplicationContext.log Manager: list: Listing contexts for virtual host 'localhost'
24-Feb-2023 15:30:27.459 INFO [http-nio-8095-exec-71] org.apache.catalina.core.ApplicationContext.log Manager: list: Listing contexts for virtual host 'localhost'
24-Feb-2023 15:30:27.674 INFO [http-nio-8095-exec-78] org.apache.catalina.core.ApplicationContext.log Manager: restart: Reloading web application '/Jsp_Servlet_FPTU_Demo'
24-Feb-2023 15:31:40.310 INFO [http-nio-8095-exec-84] org.apache.catalina.core.ApplicationContext.log Manager: list: Listing contexts for virtual host 'localhost'
24-Feb-2023 15:31:40.317 INFO [http-nio-8095-exec-89] org.apache.catalina.core.ApplicationContext.log Manager: restart: Reloading web application '/Jsp_Servlet_FPTU_Demo'
24-Feb-2023 15:33:21.408 INFO [http-nio-8095-exec-92] org.apache.catalina.core.ApplicationContext.log Manager: list: Listing contexts for virtual host 'localhost'
24-Feb-2023 15:33:21.417 INFO [http-nio-8095-exec-93] org.apache.catalina.core.ApplicationContext.log Manager: restart: Reloading web application '/Jsp_Servlet_FPTU_Demo'
24-Feb-2023 15:33:23.691 INFO [http-nio-8095-exec-84] org.apache.catalina.core.ApplicationContext.log Manager: list: Listing contexts for virtual host 'localhost'
24-Feb-2023 15:33:23.701 INFO [http-nio-8095-exec-98] org.apache.catalina.core.ApplicationContext.log Manager: restart: Reloading web application '/Jsp_Servlet_FPTU_Demo'
24-Feb-2023 15:33:35.378 INFO [http-nio-8095-exec-94] org.apache.catalina.core.ApplicationContext.log Manager: list: Listing contexts for virtual host 'localhost'
24-Feb-2023 15:33:35.384 INFO [http-nio-8095-exec-95] org.apache.catalina.core.ApplicationContext.log Manager: restart: Reloading web application '/Jsp_Servlet_FPTU_Demo'
