16-Feb-2023 23:34:44.149 INFO [http-nio-8095-exec-3] org.apache.catalina.core.ApplicationContext.log Manager: init: Associated with Deployer 'Catalina:type=Deployer,host=localhost'
16-Feb-2023 23:34:44.149 INFO [http-nio-8095-exec-3] org.apache.catalina.core.ApplicationContext.log Manager: init: Global resources are available
16-Feb-2023 23:34:44.222 INFO [http-nio-8095-exec-1] org.apache.catalina.core.ApplicationContext.log Manager: list: Listing contexts for virtual host 'localhost'
16-Feb-2023 23:34:44.289 INFO [http-nio-8095-exec-8] org.apache.catalina.core.ApplicationContext.log Manager: list: Listing contexts for virtual host 'localhost'
16-Feb-2023 23:34:44.334 INFO [http-nio-8095-exec-10] org.apache.catalina.core.ApplicationContext.log Manager: install: Installing context configuration at 'file:/C:/Users/PC/AppData/Local/Temp/context15391261031620741863.xml'
16-Feb-2023 23:34:46.389 INFO [http-nio-8095-exec-1] org.apache.catalina.core.ApplicationContext.log Manager: start: Starting web application '/Jsp_Servlet_FPTU_Demo'
16-Feb-2023 23:36:31.579 INFO [http-nio-8095-exec-2] org.apache.catalina.core.ApplicationContext.log Manager: list: Listing contexts for virtual host 'localhost'
16-Feb-2023 23:36:31.606 INFO [http-nio-8095-exec-9] org.apache.catalina.core.ApplicationContext.log Manager: restart: Reloading web application '/Jsp_Servlet_FPTU_Demo'
16-Feb-2023 23:36:42.128 INFO [http-nio-8095-exec-1] org.apache.catalina.core.ApplicationContext.log Manager: list: Listing contexts for virtual host 'localhost'
16-Feb-2023 23:36:42.168 INFO [http-nio-8095-exec-8] org.apache.catalina.core.ApplicationContext.log Manager: restart: Reloading web application '/Jsp_Servlet_FPTU_Demo'
16-Feb-2023 23:37:19.182 INFO [http-nio-8095-exec-16] org.apache.catalina.core.ApplicationContext.log Manager: list: Listing contexts for virtual host 'localhost'
16-Feb-2023 23:37:19.199 INFO [http-nio-8095-exec-13] org.apache.catalina.core.ApplicationContext.log Manager: restart: Reloading web application '/Jsp_Servlet_FPTU_Demo'
16-Feb-2023 23:37:32.725 INFO [http-nio-8095-exec-15] org.apache.catalina.core.ApplicationContext.log Manager: list: Listing contexts for virtual host 'localhost'
16-Feb-2023 23:37:32.748 INFO [http-nio-8095-exec-4] org.apache.catalina.core.ApplicationContext.log Manager: restart: Reloading web application '/Jsp_Servlet_FPTU_Demo'
16-Feb-2023 23:38:06.075 INFO [http-nio-8095-exec-3] org.apache.catalina.core.ApplicationContext.log Manager: list: Listing contexts for virtual host 'localhost'
16-Feb-2023 23:38:14.474 INFO [http-nio-8095-exec-20] org.apache.catalina.core.ApplicationContext.log Manager: list: Listing contexts for virtual host 'localhost'
16-Feb-2023 23:38:14.511 INFO [http-nio-8095-exec-3] org.apache.catalina.core.ApplicationContext.log Manager: restart: Reloading web application '/Jsp_Servlet_FPTU_Demo'
16-Feb-2023 23:41:06.422 INFO [http-nio-8095-exec-23] org.apache.catalina.core.ApplicationContext.log Manager: list: Listing contexts for virtual host 'localhost'
16-Feb-2023 23:41:06.434 INFO [http-nio-8095-exec-24] org.apache.catalina.core.ApplicationContext.log Manager: restart: Reloading web application '/Jsp_Servlet_FPTU_Demo'
16-Feb-2023 23:41:16.137 INFO [http-nio-8095-exec-30] org.apache.catalina.core.ApplicationContext.log Manager: list: Listing contexts for virtual host 'localhost'
16-Feb-2023 23:41:16.147 INFO [http-nio-8095-exec-31] org.apache.catalina.core.ApplicationContext.log Manager: restart: Reloading web application '/Jsp_Servlet_FPTU_Demo'
16-Feb-2023 23:41:54.459 INFO [http-nio-8095-exec-35] org.apache.catalina.core.ApplicationContext.log Manager: list: Listing contexts for virtual host 'localhost'
16-Feb-2023 23:54:35.488 INFO [http-nio-8095-exec-37] org.apache.catalina.core.ApplicationContext.log Manager: list: Listing contexts for virtual host 'localhost'
16-Feb-2023 23:55:11.291 INFO [http-nio-8095-exec-42] org.apache.catalina.core.ApplicationContext.log Manager: list: Listing contexts for virtual host 'localhost'
16-Feb-2023 23:55:11.302 INFO [http-nio-8095-exec-44] org.apache.catalina.core.ApplicationContext.log Manager: restart: Reloading web application '/Jsp_Servlet_FPTU_Demo'
16-Feb-2023 23:55:44.224 INFO [http-nio-8095-exec-42] org.apache.catalina.core.ApplicationContext.log Manager: list: Listing contexts for virtual host 'localhost'
16-Feb-2023 23:55:44.249 INFO [http-nio-8095-exec-40] org.apache.catalina.core.ApplicationContext.log Manager: restart: Reloading web application '/Jsp_Servlet_FPTU_Demo'
16-Feb-2023 23:56:18.312 INFO [http-nio-8095-exec-43] org.apache.catalina.core.ApplicationContext.log Manager: list: Listing contexts for virtual host 'localhost'
16-Feb-2023 23:56:18.326 INFO [http-nio-8095-exec-37] org.apache.catalina.core.ApplicationContext.log Manager: list: Listing contexts for virtual host 'localhost'
16-Feb-2023 23:56:18.610 INFO [http-nio-8095-exec-36] org.apache.catalina.core.ApplicationContext.log Manager: stop: Stopping web application '/Jsp_Servlet_FPTU_Demo'
16-Feb-2023 23:56:18.622 INFO [http-nio-8095-exec-37] org.apache.catalina.core.ApplicationContext.log Manager: start: Starting web application '/Jsp_Servlet_FPTU_Demo'
16-Feb-2023 23:57:27.062 INFO [http-nio-8095-exec-50] org.apache.catalina.core.ApplicationContext.log Manager: list: Listing contexts for virtual host 'localhost'
16-Feb-2023 23:57:50.850 INFO [http-nio-8095-exec-55] org.apache.catalina.core.ApplicationContext.log Manager: list: Listing contexts for virtual host 'localhost'
16-Feb-2023 23:58:02.765 INFO [http-nio-8095-exec-58] org.apache.catalina.core.ApplicationContext.log Manager: list: Listing contexts for virtual host 'localhost'
16-Feb-2023 23:58:23.246 INFO [http-nio-8095-exec-56] org.apache.catalina.core.ApplicationContext.log Manager: list: Listing contexts for virtual host 'localhost'
16-Feb-2023 23:58:33.341 INFO [http-nio-8095-exec-54] org.apache.catalina.core.ApplicationContext.log Manager: list: Listing contexts for virtual host 'localhost'
