20-Feb-2023 22:29:27.245 INFO [http-nio-8095-exec-4] org.apache.catalina.core.ApplicationContext.log Manager: init: Associated with Deployer 'Catalina:type=Deployer,host=localhost'
20-Feb-2023 22:29:27.246 INFO [http-nio-8095-exec-4] org.apache.catalina.core.ApplicationContext.log Manager: init: Global resources are available
20-Feb-2023 22:35:09.511 INFO [http-nio-8095-exec-7] org.apache.catalina.core.ApplicationContext.log Manager: list: Listing contexts for virtual host 'localhost'
20-Feb-2023 22:35:09.548 INFO [http-nio-8095-exec-8] org.apache.catalina.core.ApplicationContext.log Manager: restart: Reloading web application '/Jsp_Servlet_FPTU_Demo'
20-Feb-2023 22:35:16.657 INFO [http-nio-8095-exec-3] org.apache.catalina.core.ApplicationContext.log Manager: list: Listing contexts for virtual host 'localhost'
20-Feb-2023 22:35:16.663 INFO [http-nio-8095-exec-5] org.apache.catalina.core.ApplicationContext.log Manager: list: Listing contexts for virtual host 'localhost'
20-Feb-2023 22:35:16.836 INFO [http-nio-8095-exec-2] org.apache.catalina.core.ApplicationContext.log Manager: undeploy: Undeploying web application at '/Jsp_Servlet_FPTU_Demo'
20-Feb-2023 22:35:17.381 INFO [http-nio-8095-exec-11] org.apache.catalina.core.ApplicationContext.log Manager: install: Installing context configuration at 'file:/C:/Users/PC/AppData/Local/Temp/context739039647485153405.xml'
20-Feb-2023 22:35:29.784 INFO [http-nio-8095-exec-2] org.apache.catalina.core.ApplicationContext.log Manager: list: Listing contexts for virtual host 'localhost'
20-Feb-2023 22:35:29.792 INFO [http-nio-8095-exec-15] org.apache.catalina.core.ApplicationContext.log Manager: list: Listing contexts for virtual host 'localhost'
20-Feb-2023 22:35:29.967 INFO [http-nio-8095-exec-17] org.apache.catalina.core.ApplicationContext.log Manager: stop: Stopping web application '/Jsp_Servlet_FPTU_Demo'
20-Feb-2023 22:35:29.993 INFO [http-nio-8095-exec-16] org.apache.catalina.core.ApplicationContext.log Manager: start: Starting web application '/Jsp_Servlet_FPTU_Demo'
20-Feb-2023 22:36:57.569 INFO [http-nio-8095-exec-27] org.apache.catalina.core.ApplicationContext.log Manager: list: Listing contexts for virtual host 'localhost'
20-Feb-2023 22:36:57.574 INFO [http-nio-8095-exec-26] org.apache.catalina.core.ApplicationContext.log Manager: list: Listing contexts for virtual host 'localhost'
20-Feb-2023 22:36:57.735 INFO [http-nio-8095-exec-19] org.apache.catalina.core.ApplicationContext.log Manager: restart: Reloading web application '/Jsp_Servlet_FPTU_Demo'
20-Feb-2023 22:37:22.833 INFO [http-nio-8095-exec-31] org.apache.catalina.core.ApplicationContext.log Manager: list: Listing contexts for virtual host 'localhost'
20-Feb-2023 22:37:22.840 INFO [http-nio-8095-exec-30] org.apache.catalina.core.ApplicationContext.log Manager: list: Listing contexts for virtual host 'localhost'
20-Feb-2023 22:37:23.002 INFO [http-nio-8095-exec-29] org.apache.catalina.core.ApplicationContext.log Manager: restart: Reloading web application '/Jsp_Servlet_FPTU_Demo'
20-Feb-2023 22:38:16.336 INFO [http-nio-8095-exec-43] org.apache.catalina.core.ApplicationContext.log Manager: list: Listing contexts for virtual host 'localhost'
20-Feb-2023 22:38:16.341 INFO [http-nio-8095-exec-48] org.apache.catalina.core.ApplicationContext.log Manager: list: Listing contexts for virtual host 'localhost'
20-Feb-2023 22:38:16.542 INFO [http-nio-8095-exec-40] org.apache.catalina.core.ApplicationContext.log Manager: restart: Reloading web application '/Jsp_Servlet_FPTU_Demo'
20-Feb-2023 22:39:48.554 INFO [http-nio-8095-exec-54] org.apache.catalina.core.ApplicationContext.log Manager: list: Listing contexts for virtual host 'localhost'
20-Feb-2023 22:39:48.559 INFO [http-nio-8095-exec-51] org.apache.catalina.core.ApplicationContext.log Manager: list: Listing contexts for virtual host 'localhost'
20-Feb-2023 22:39:48.864 INFO [http-nio-8095-exec-52] org.apache.catalina.core.ApplicationContext.log Manager: restart: Reloading web application '/Jsp_Servlet_FPTU_Demo'
20-Feb-2023 22:42:27.212 INFO [http-nio-8095-exec-66] org.apache.catalina.core.ApplicationContext.log Manager: list: Listing contexts for virtual host 'localhost'
20-Feb-2023 22:42:27.215 INFO [http-nio-8095-exec-68] org.apache.catalina.core.ApplicationContext.log Manager: list: Listing contexts for virtual host 'localhost'
20-Feb-2023 22:42:27.426 INFO [http-nio-8095-exec-63] org.apache.catalina.core.ApplicationContext.log Manager: restart: Reloading web application '/Jsp_Servlet_FPTU_Demo'
