25-Feb-2023 19:48:33.393 INFO [http-nio-8095-exec-5] org.apache.catalina.core.ApplicationContext.log Manager: init: Associated with Deployer 'Catalina:type=Deployer,host=localhost'
25-Feb-2023 19:48:33.393 INFO [http-nio-8095-exec-5] org.apache.catalina.core.ApplicationContext.log Manager: init: Global resources are available
25-Feb-2023 19:48:33.455 INFO [http-nio-8095-exec-6] org.apache.catalina.core.ApplicationContext.log Manager: list: Listing contexts for virtual host 'localhost'
25-Feb-2023 19:48:33.462 INFO [http-nio-8095-exec-8] org.apache.catalina.core.ApplicationContext.log Manager: list: Listing contexts for virtual host 'localhost'
25-Feb-2023 19:48:33.760 INFO [http-nio-8095-exec-9] org.apache.catalina.core.ApplicationContext.log Manager: restart: Reloading web application '/Jsp_Servlet_FPTU_Demo'
25-Feb-2023 19:57:51.571 INFO [http-nio-8095-exec-13] org.apache.catalina.core.ApplicationContext.log Manager: list: Listing contexts for virtual host 'localhost'
25-Feb-2023 20:11:46.863 INFO [http-nio-8095-exec-14] org.apache.catalina.core.ApplicationContext.log Manager: list: Listing contexts for virtual host 'localhost'
25-Feb-2023 20:12:01.340 INFO [http-nio-8095-exec-14] org.apache.catalina.core.ApplicationContext.log Manager: list: Listing contexts for virtual host 'localhost'
25-Feb-2023 20:12:01.345 INFO [http-nio-8095-exec-20] org.apache.catalina.core.ApplicationContext.log Manager: list: Listing contexts for virtual host 'localhost'
25-Feb-2023 20:12:01.649 INFO [http-nio-8095-exec-13] org.apache.catalina.core.ApplicationContext.log Manager: stop: Stopping web application '/Jsp_Servlet_FPTU_Demo'
25-Feb-2023 20:12:01.676 INFO [http-nio-8095-exec-21] org.apache.catalina.core.ApplicationContext.log Manager: start: Starting web application '/Jsp_Servlet_FPTU_Demo'
25-Feb-2023 20:14:53.506 INFO [http-nio-8095-exec-26] org.apache.catalina.core.ApplicationContext.log Manager: list: Listing contexts for virtual host 'localhost'
25-Feb-2023 20:14:53.516 INFO [http-nio-8095-exec-24] org.apache.catalina.core.ApplicationContext.log Manager: restart: Reloading web application '/Jsp_Servlet_FPTU_Demo'
25-Feb-2023 20:15:02.765 INFO [http-nio-8095-exec-26] org.apache.catalina.core.ApplicationContext.log Manager: list: Listing contexts for virtual host 'localhost'
25-Feb-2023 20:15:02.774 INFO [http-nio-8095-exec-29] org.apache.catalina.core.ApplicationContext.log Manager: restart: Reloading web application '/Jsp_Servlet_FPTU_Demo'
25-Feb-2023 20:15:10.867 INFO [http-nio-8095-exec-35] org.apache.catalina.core.ApplicationContext.log Manager: list: Listing contexts for virtual host 'localhost'
25-Feb-2023 20:15:10.871 INFO [http-nio-8095-exec-25] org.apache.catalina.core.ApplicationContext.log Manager: list: Listing contexts for virtual host 'localhost'
25-Feb-2023 20:15:11.268 INFO [http-nio-8095-exec-22] org.apache.catalina.core.ApplicationContext.log Manager: restart: Reloading web application '/Jsp_Servlet_FPTU_Demo'
25-Feb-2023 20:16:03.224 INFO [http-nio-8095-exec-26] org.apache.catalina.core.ApplicationContext.log Manager: list: Listing contexts for virtual host 'localhost'
25-Feb-2023 20:16:03.233 INFO [http-nio-8095-exec-30] org.apache.catalina.core.ApplicationContext.log Manager: restart: Reloading web application '/Jsp_Servlet_FPTU_Demo'
25-Feb-2023 20:16:09.280 INFO [http-nio-8095-exec-40] org.apache.catalina.core.ApplicationContext.log Manager: list: Listing contexts for virtual host 'localhost'
25-Feb-2023 20:16:09.284 INFO [http-nio-8095-exec-26] org.apache.catalina.core.ApplicationContext.log Manager: list: Listing contexts for virtual host 'localhost'
25-Feb-2023 20:16:09.582 INFO [http-nio-8095-exec-36] org.apache.catalina.core.ApplicationContext.log Manager: restart: Reloading web application '/Jsp_Servlet_FPTU_Demo'
25-Feb-2023 20:16:47.891 INFO [http-nio-8095-exec-25] org.apache.catalina.core.ApplicationContext.log Manager: list: Listing contexts for virtual host 'localhost'
25-Feb-2023 20:16:47.901 INFO [http-nio-8095-exec-26] org.apache.catalina.core.ApplicationContext.log Manager: restart: Reloading web application '/Jsp_Servlet_FPTU_Demo'
25-Feb-2023 20:16:53.036 INFO [http-nio-8095-exec-43] org.apache.catalina.core.ApplicationContext.log Manager: list: Listing contexts for virtual host 'localhost'
25-Feb-2023 20:16:53.039 INFO [http-nio-8095-exec-44] org.apache.catalina.core.ApplicationContext.log Manager: list: Listing contexts for virtual host 'localhost'
25-Feb-2023 20:16:53.357 INFO [http-nio-8095-exec-45] org.apache.catalina.core.ApplicationContext.log Manager: restart: Reloading web application '/Jsp_Servlet_FPTU_Demo'
25-Feb-2023 20:17:36.301 INFO [http-nio-8095-exec-53] org.apache.catalina.core.ApplicationContext.log Manager: list: Listing contexts for virtual host 'localhost'
25-Feb-2023 20:17:36.304 INFO [http-nio-8095-exec-49] org.apache.catalina.core.ApplicationContext.log Manager: list: Listing contexts for virtual host 'localhost'
25-Feb-2023 20:17:36.617 INFO [http-nio-8095-exec-51] org.apache.catalina.core.ApplicationContext.log Manager: restart: Reloading web application '/Jsp_Servlet_FPTU_Demo'
25-Feb-2023 20:36:09.985 INFO [http-nio-8095-exec-77] org.apache.catalina.core.ApplicationContext.log Manager: list: Listing contexts for virtual host 'localhost'
25-Feb-2023 20:36:10.009 INFO [http-nio-8095-exec-67] org.apache.catalina.core.ApplicationContext.log Manager: restart: Reloading web application '/Jsp_Servlet_FPTU_Demo'
25-Feb-2023 20:36:14.496 INFO [http-nio-8095-exec-80] org.apache.catalina.core.ApplicationContext.log Manager: list: Listing contexts for virtual host 'localhost'
25-Feb-2023 20:36:14.502 INFO [http-nio-8095-exec-72] org.apache.catalina.core.ApplicationContext.log Manager: list: Listing contexts for virtual host 'localhost'
25-Feb-2023 20:36:14.782 INFO [http-nio-8095-exec-81] org.apache.catalina.core.ApplicationContext.log Manager: undeploy: Undeploying web application at '/Jsp_Servlet_FPTU_Demo'
25-Feb-2023 20:36:15.343 INFO [http-nio-8095-exec-74] org.apache.catalina.core.ApplicationContext.log Manager: install: Installing context configuration at 'file:/C:/Users/PC/AppData/Local/Temp/context8703163769142533754.xml'
25-Feb-2023 20:39:03.454 INFO [http-nio-8095-exec-88] org.apache.catalina.core.ApplicationContext.log Manager: list: Listing contexts for virtual host 'localhost'
25-Feb-2023 20:39:03.468 INFO [http-nio-8095-exec-85] org.apache.catalina.core.ApplicationContext.log Manager: list: Listing contexts for virtual host 'localhost'
25-Feb-2023 20:39:03.738 INFO [http-nio-8095-exec-91] org.apache.catalina.core.ApplicationContext.log Manager: stop: Stopping web application '/Jsp_Servlet_FPTU_Demo'
25-Feb-2023 20:39:03.746 INFO [http-nio-8095-exec-88] org.apache.catalina.core.ApplicationContext.log Manager: start: Starting web application '/Jsp_Servlet_FPTU_Demo'
25-Feb-2023 20:40:22.131 INFO [http-nio-8095-exec-99] org.apache.catalina.core.ApplicationContext.log Manager: list: Listing contexts for virtual host 'localhost'
25-Feb-2023 20:40:22.138 INFO [http-nio-8095-exec-96] org.apache.catalina.core.ApplicationContext.log Manager: list: Listing contexts for virtual host 'localhost'
25-Feb-2023 20:40:22.478 INFO [http-nio-8095-exec-94] org.apache.catalina.core.ApplicationContext.log Manager: restart: Reloading web application '/Jsp_Servlet_FPTU_Demo'
